Using pre-set license
Built from '2020.3/china_unity/release' branch; Version is '2020.3.30f1c1 (b9cd9c36b8f8) revision 12176796'; Using compiler version '192528614'; Build Type 'Release'
OS: 'Windows 11  (10.0.26100) 64bit CoreCountrySpecific' Language: 'zh' Physical Memory: 15585 MB
BatchMode: 1, IsHumanControllingUs: 0, StartBugReporterOnCrash: 0, Is64bit: 1, IsPro: 0

COMMAND LINE ARGUMENTS:
C:\Program Files\Unity\Hub\Editor\2020.3.30f1c1\Editor\Unity.exe
-adb2
-batchMode
-noUpm
-name
AssetImportWorker0
-projectPath
F:/unity f game/RideBike
-logFile
Logs/AssetImportWorker0.log
-srvPort
51691
Successfully changed project path to: F:/unity f game/RideBike
F:/unity f game/RideBike
Using Asset Import Pipeline V2.
AS: AutoStreaming module initializing.Refreshing native plugins compatible for Editor in 51.74 ms, found 2 plugins.
Preloading 0 native plugins for Editor in 0.00 ms.
Initialize engine version: 2020.3.30f1c1 (b9cd9c36b8f8)
[Subsystems] Discovering subsystems at path C:/Program Files/Unity/Hub/Editor/2020.3.30f1c1/Editor/Data/Resources/UnitySubsystems
[Subsystems] Discovering subsystems at path F:/unity f game/RideBike/Assets
GfxDevice: creating device client; threaded=0
Direct3D:
    Version:  Direct3D 11.0 [level 11.1]
    Renderer: NVIDIA GeForce RTX 4060 Laptop GPU (ID=0x28e0)
    Vendor:   
    VRAM:     7957 MB
    Driver:   32.0.15.5597
Initialize mono
Mono path[0] = 'C:/Program Files/Unity/Hub/Editor/2020.3.30f1c1/Editor/Data/Managed'
Mono path[1] = 'C:/Program Files/Unity/Hub/Editor/2020.3.30f1c1/Editor/Data/MonoBleedingEdge/lib/mono/unityjit'
Mono config path = 'C:/Program Files/Unity/Hub/Editor/2020.3.30f1c1/Editor/Data/MonoBleedingEdge/etc'
Using monoOptions --debugger-agent=transport=dt_socket,embedding=1,server=y,suspend=n,address=127.0.0.1:56328
Begin MonoManager ReloadAssembly
Registering precompiled unity dll's ...
Register platform support module: C:/Program Files/Unity/Hub/Editor/2020.3.30f1c1/Editor/Data/PlaybackEngines/WindowsStandaloneSupport/UnityEditor.WindowsStandalone.Extensions.dll
Registered in 0.002632 seconds.
Native extension for WindowsStandalone target not found
Refreshing native plugins compatible for Editor in 47.42 ms, found 2 plugins.
Preloading 0 native plugins for Editor in 0.00 ms.
Mono: successfully reloaded assembly
- Completed reload, in  0.876 seconds
Domain Reload Profiling:
	ReloadAssembly (876ms)
		BeginReloadAssembly (111ms)
			ExecutionOrderSort (0ms)
			DisableScriptedObjects (0ms)
			BackupInstance (0ms)
			ReleaseScriptingObjects (0ms)
			CreateAndSetChildDomain (1ms)
		EndReloadAssembly (649ms)
			LoadAssemblies (105ms)
			RebuildTransferFunctionScriptingTraits (0ms)
			SetupTypeCache (227ms)
			ReleaseScriptCaches (0ms)
			RebuildScriptCaches (37ms)
			SetupLoadedEditorAssemblies (228ms)
				LogAssemblyErrors (0ms)
				InitializePlatformSupportModulesInManaged (6ms)
				SetLoadedEditorAssemblies (0ms)
				RefreshPlugins (48ms)
				BeforeProcessingInitializeOnLoad (17ms)
				ProcessInitializeOnLoadAttributes (115ms)
				ProcessInitializeOnLoadMethodAttributes (41ms)
				AfterProcessingInitializeOnLoad (0ms)
				EditorAssembliesLoaded (0ms)
			ExecutionOrderSort2 (0ms)
			AwakeInstancesAfterBackupRestoration (0ms)
Platform modules already initialized, skipping
Registering precompiled user dll's ...
Registered in 0.003210 seconds.
Begin MonoManager ReloadAssembly
Native extension for WindowsStandalone target not found
Refreshing native plugins compatible for Editor in 0.75 ms, found 2 plugins.
Preloading 0 native plugins for Editor in 0.00 ms.
Mono: successfully reloaded assembly
- Completed reload, in  1.393 seconds
Domain Reload Profiling:
	ReloadAssembly (1395ms)
		BeginReloadAssembly (197ms)
			ExecutionOrderSort (0ms)
			DisableScriptedObjects (5ms)
			BackupInstance (0ms)
			ReleaseScriptingObjects (0ms)
			CreateAndSetChildDomain (31ms)
		EndReloadAssembly (1112ms)
			LoadAssemblies (131ms)
			RebuildTransferFunctionScriptingTraits (0ms)
			SetupTypeCache (378ms)
			ReleaseScriptCaches (1ms)
			RebuildScriptCaches (53ms)
			SetupLoadedEditorAssemblies (440ms)
				LogAssemblyErrors (0ms)
				InitializePlatformSupportModulesInManaged (8ms)
				SetLoadedEditorAssemblies (1ms)
				RefreshPlugins (1ms)
				BeforeProcessingInitializeOnLoad (138ms)
				ProcessInitializeOnLoadAttributes (268ms)
				ProcessInitializeOnLoadMethodAttributes (14ms)
				AfterProcessingInitializeOnLoad (10ms)
				EditorAssembliesLoaded (1ms)
			ExecutionOrderSort2 (0ms)
			AwakeInstancesAfterBackupRestoration (9ms)
Platform modules already initialized, skipping
========================================================================
Worker process is ready to serve import requests
Launched and connected shader compiler UnityShaderCompiler.exe after 0.17 seconds
Refreshing native plugins compatible for Editor in 0.68 ms, found 2 plugins.
Preloading 0 native plugins for Editor in 0.00 ms.
Unloading 1521 Unused Serialized files (Serialized files now loaded: 0)
System memory in use before: 83.4 MB.
System memory in use after: 83.5 MB.

Unloading 16 unused Assets to reduce memory usage. Loaded Objects now: 1973.
Total: 5.026300 ms (FindLiveObjects: 0.250100 ms CreateObjectMapping: 0.059600 ms MarkObjects: 4.601300 ms  DeleteObjects: 0.113300 ms)

AssetImportParameters requested are different than current active one (requested -> active):
  custom:framework-win-MediaFoundation: 216162199b28c13a410421893ffa2e32 -> 
  custom:video-decoder-ogg-theora: a1e56fd34408186e4bbccfd4996cb3dc -> 
  custom:container-muxer-webm: aa71ff27fc2769a1b78a27578f13a17b -> 
  custom:container-demuxer-webm: 4f35f7cbe854078d1ac9338744f61a02 -> 
  custom:container-demuxer-ogg: 62fdf1f143b41e24485cea50d1cbac27 -> 
  custom:video-encoder-webm-vp8: eb34c28f22e8b96e1ab97ce403110664 -> 
  custom:video-codec-MediaFoundation-h265: 746d11721c4dcdbdad8f713fa42b33f4 -> 
  custom:video-decoder-webm-vp8: 9c59270c3fd7afecdb556c50c9e8de78 -> 
  custom:audio-decoder-ogg-vorbis: bf7c407c2cedff20999df2af8eb42d56 -> 
  custom:audio-encoder-webm-vorbis: bf7c407c2cedff20999df2af8eb42d56 -> 
========================================================================
Received Import Request.
  path: Assets/FastMesh/Materials/Steel 2.mat
  artifactKey: Guid(7eb1df4fcbfc19c42ba0cedb12a877bd) Importer(815301076,1909f56bfc062723c751e8b465ee728b)
Start importing Assets/FastMesh/Materials/Steel 2.mat using Guid(7eb1df4fcbfc19c42ba0cedb12a877bd) Importer(815301076,1909f56bfc062723c751e8b465ee728b)  -> (artifact id: '5dd51e54fe00ba35e00e1dca141515e6') in 0.201184 seconds 
========================================================================
Received Import Request.
  Time since last request: 0.000594 seconds.
  path: Assets/FastMesh/Materials/IconRoad 6.mat
  artifactKey: Guid(100327afe3a6c6541a5f249ff5f8877d) Importer(815301076,1909f56bfc062723c751e8b465ee728b)
Start importing Assets/FastMesh/Materials/IconRoad 6.mat using Guid(100327afe3a6c6541a5f249ff5f8877d) Importer(815301076,1909f56bfc062723c751e8b465ee728b)  -> (artifact id: '5ec2653711df1d7ac26e6ba2d5792f62') in 0.022057 seconds 
========================================================================
Received Import Request.
  Time since last request: 0.000974 seconds.
  path: Assets/FastMesh/Materials/Steel 1.mat
  artifactKey: Guid(4c407642dd6ec5e4cb4c6ff3b742a84e) Importer(815301076,1909f56bfc062723c751e8b465ee728b)
Start importing Assets/FastMesh/Materials/Steel 1.mat using Guid(4c407642dd6ec5e4cb4c6ff3b742a84e) Importer(815301076,1909f56bfc062723c751e8b465ee728b)  -> (artifact id: '84b12b3e9f4c9f16b15a142faa27d8c3') in 0.017651 seconds 
========================================================================
Received Import Request.
  Time since last request: 0.000811 seconds.
  path: Assets/FastMesh/Materials/IconRoad 6c.mat
  artifactKey: Guid(5c737ae6538fe16428bfcbb329cabee3) Importer(815301076,1909f56bfc062723c751e8b465ee728b)
Start importing Assets/FastMesh/Materials/IconRoad 6c.mat using Guid(5c737ae6538fe16428bfcbb329cabee3) Importer(815301076,1909f56bfc062723c751e8b465ee728b)  -> (artifact id: '391d17229e0e8cad8555c1de42fefe84') in 0.016984 seconds 
========================================================================
Received Import Request.
  Time since last request: 0.000450 seconds.
  path: Assets/FastMesh/Materials/Beige 1.mat
  artifactKey: Guid(a8c33543fc2059e4ba389a887e077ea5) Importer(815301076,1909f56bfc062723c751e8b465ee728b)
Start importing Assets/FastMesh/Materials/Beige 1.mat using Guid(a8c33543fc2059e4ba389a887e077ea5) Importer(815301076,1909f56bfc062723c751e8b465ee728b)  -> (artifact id: 'ea469d7e1550f79cf0d5f185369f6b71') in 0.017329 seconds 
========================================================================
Received Import Request.
  Time since last request: 0.000549 seconds.
  path: Assets/FastMesh/Materials/Full_Yellow.mat
  artifactKey: Guid(eeb642b20697c874595465bcb3ee711e) Importer(815301076,1909f56bfc062723c751e8b465ee728b)
Start importing Assets/FastMesh/Materials/Full_Yellow.mat using Guid(eeb642b20697c874595465bcb3ee711e) Importer(815301076,1909f56bfc062723c751e8b465ee728b)  -> (artifact id: 'f490e384f75060190a4150b2fdba1637') in 0.019724 seconds 
========================================================================
Received Import Request.
  Time since last request: 0.000489 seconds.
  path: Assets/FastMesh/Materials/IconRoad 2.mat
  artifactKey: Guid(13a51cf82dc60b14ca83a4155a1c032d) Importer(815301076,1909f56bfc062723c751e8b465ee728b)
Start importing Assets/FastMesh/Materials/IconRoad 2.mat using Guid(13a51cf82dc60b14ca83a4155a1c032d) Importer(815301076,1909f56bfc062723c751e8b465ee728b)  -> (artifact id: 'bd5a59302fce2ddf96f7be5a81e56a77') in 0.017911 seconds 
========================================================================
Received Import Request.
  Time since last request: 0.000697 seconds.
  path: Assets/FastMesh/Materials/IconRoad 7.mat
  artifactKey: Guid(568084d740d9e1b4abc0b68aee9f4ff3) Importer(815301076,1909f56bfc062723c751e8b465ee728b)
Start importing Assets/FastMesh/Materials/IconRoad 7.mat using Guid(568084d740d9e1b4abc0b68aee9f4ff3) Importer(815301076,1909f56bfc062723c751e8b465ee728b)  -> (artifact id: '2a405a808d1a38ee418ff8b81ad20657') in 0.015996 seconds 
========================================================================
Received Import Request.
  Time since last request: 0.000415 seconds.
  path: Assets/FastMesh/Materials/Gold.mat
  artifactKey: Guid(bd52e958e03cd794187297b7deb3e37d) Importer(815301076,1909f56bfc062723c751e8b465ee728b)
Start importing Assets/FastMesh/Materials/Gold.mat using Guid(bd52e958e03cd794187297b7deb3e37d) Importer(815301076,1909f56bfc062723c751e8b465ee728b)  -> (artifact id: 'fb428012eb78402d2ec80aa9e565b32c') in 0.027791 seconds 
========================================================================
Received Import Request.
  Time since last request: 0.000641 seconds.
  path: Assets/FastMesh/Materials/IconRoad 8.mat
  artifactKey: Guid(42367518653fcaa4c808322da2982deb) Importer(815301076,1909f56bfc062723c751e8b465ee728b)
Start importing Assets/FastMesh/Materials/IconRoad 8.mat using Guid(42367518653fcaa4c808322da2982deb) Importer(815301076,1909f56bfc062723c751e8b465ee728b)  -> (artifact id: '7992f8bfc3cdff9bd7c6c980520cacf6') in 0.017633 seconds 
========================================================================
Received Import Request.
  Time since last request: 0.000846 seconds.
  path: Assets/FastMesh/Materials/IconRoad 6d.mat
  artifactKey: Guid(d1415ac239ccbde4fa41545e89b0f251) Importer(815301076,1909f56bfc062723c751e8b465ee728b)
Start importing Assets/FastMesh/Materials/IconRoad 6d.mat using Guid(d1415ac239ccbde4fa41545e89b0f251) Importer(815301076,1909f56bfc062723c751e8b465ee728b)  -> (artifact id: 'ff1ad3109ce6d3f48083795480bfe24f') in 0.015040 seconds 
========================================================================
Received Import Request.
  Time since last request: 0.000554 seconds.
  path: Assets/FastMesh/Materials
  artifactKey: Guid(1fb0959e117ebfa4080994689b6a842f) Importer(815301076,1909f56bfc062723c751e8b465ee728b)
Start importing Assets/FastMesh/Materials using Guid(1fb0959e117ebfa4080994689b6a842f) Importer(815301076,1909f56bfc062723c751e8b465ee728b)  -> (artifact id: '634e8de0fd4e625e4ca0041300fffb3c') in 0.003879 seconds 
========================================================================
Received Import Request.
  Time since last request: 0.000726 seconds.
  path: Assets/FastMesh/Materials/Red.mat
  artifactKey: Guid(a14d011ae93b8f348bb995bebb356bab) Importer(815301076,1909f56bfc062723c751e8b465ee728b)
Start importing Assets/FastMesh/Materials/Red.mat using Guid(a14d011ae93b8f348bb995bebb356bab) Importer(815301076,1909f56bfc062723c751e8b465ee728b)  -> (artifact id: 'ca6a63ca243fff892ce33c29a96bb43d') in 0.013545 seconds 
========================================================================
Received Import Request.
  Time since last request: 0.000780 seconds.
  path: Assets/FastMesh/Materials/IconRoad 4.mat
  artifactKey: Guid(6cb244efaeabaee4ab0956e73f961e0f) Importer(815301076,1909f56bfc062723c751e8b465ee728b)
Start importing Assets/FastMesh/Materials/IconRoad 4.mat using Guid(6cb244efaeabaee4ab0956e73f961e0f) Importer(815301076,1909f56bfc062723c751e8b465ee728b)  -> (artifact id: '66497ebeda3313a2a76931862e8039b4') in 0.018851 seconds 
========================================================================
Received Import Request.
  Time since last request: 0.000469 seconds.
  path: Assets/FastMesh/Materials/Black.mat
  artifactKey: Guid(1f4cdad4883c4d345b9525bf0a2da3e9) Importer(815301076,1909f56bfc062723c751e8b465ee728b)
Start importing Assets/FastMesh/Materials/Black.mat using Guid(1f4cdad4883c4d345b9525bf0a2da3e9) Importer(815301076,1909f56bfc062723c751e8b465ee728b)  -> (artifact id: '4230825246e0c2ac7d748eee7580b529') in 0.013621 seconds 
========================================================================
Received Import Request.
  Time since last request: 0.000606 seconds.
  path: Assets/FastMesh/Materials/IconRoad 9.mat
  artifactKey: Guid(ee94fb380d207de4aa0b5df784a92954) Importer(815301076,1909f56bfc062723c751e8b465ee728b)
Start importing Assets/FastMesh/Materials/IconRoad 9.mat using Guid(ee94fb380d207de4aa0b5df784a92954) Importer(815301076,1909f56bfc062723c751e8b465ee728b)  -> (artifact id: '3c3415638f995d402bdc81dcfdc39b7c') in 0.016647 seconds 
========================================================================
Received Import Request.
  Time since last request: 0.000474 seconds.
  path: Assets/FastMesh/Materials/Floor 5.mat
  artifactKey: Guid(aeb3d0e2aa8d98a43bceb909d1e1a9f8) Importer(815301076,1909f56bfc062723c751e8b465ee728b)
Start importing Assets/FastMesh/Materials/Floor 5.mat using Guid(aeb3d0e2aa8d98a43bceb909d1e1a9f8) Importer(815301076,1909f56bfc062723c751e8b465ee728b)  -> (artifact id: '661942b566a1e839c4a5746cdcbe0dd5') in 0.015528 seconds 
========================================================================
Received Import Request.
  Time since last request: 0.000424 seconds.
  path: Assets/FastMesh/Materials/GreenDark.mat
  artifactKey: Guid(3fdf6524f7daca2438e3a5d6c137f39b) Importer(815301076,1909f56bfc062723c751e8b465ee728b)
Start importing Assets/FastMesh/Materials/GreenDark.mat using Guid(3fdf6524f7daca2438e3a5d6c137f39b) Importer(815301076,1909f56bfc062723c751e8b465ee728b)  -> (artifact id: '3d01a20033c01a911f8b79f9ebbca2a1') in 0.014345 seconds 
========================================================================
Received Import Request.
  Time since last request: 0.000418 seconds.
  path: Assets/FastMesh/Materials/IconRoad 1.mat
  artifactKey: Guid(bde3563c523be224dbec530c0191c84e) Importer(815301076,1909f56bfc062723c751e8b465ee728b)
Start importing Assets/FastMesh/Materials/IconRoad 1.mat using Guid(bde3563c523be224dbec530c0191c84e) Importer(815301076,1909f56bfc062723c751e8b465ee728b)  -> (artifact id: 'cc65d210d43e8344e89fdf0c2145b43a') in 0.014033 seconds 
========================================================================
Received Import Request.
  Time since last request: 0.000417 seconds.
  path: Assets/FastMesh/Materials/IconRoad 10.mat
  artifactKey: Guid(8fc4c882032de894b8d80f449a7dcdfa) Importer(815301076,1909f56bfc062723c751e8b465ee728b)
Start importing Assets/FastMesh/Materials/IconRoad 10.mat using Guid(8fc4c882032de894b8d80f449a7dcdfa) Importer(815301076,1909f56bfc062723c751e8b465ee728b)  -> (artifact id: '111fc514c1277b892f5b85707d6d983a') in 0.036563 seconds 
========================================================================
Received Import Request.
  Time since last request: 0.000426 seconds.
  path: Assets/FastMesh/Materials/Wood.mat
  artifactKey: Guid(fcdcfb457e64d2c40a2446b698b97c87) Importer(815301076,1909f56bfc062723c751e8b465ee728b)
Start importing Assets/FastMesh/Materials/Wood.mat using Guid(fcdcfb457e64d2c40a2446b698b97c87) Importer(815301076,1909f56bfc062723c751e8b465ee728b)  -> (artifact id: '202f412a7db7d577440ddd8d1e256ab6') in 0.015006 seconds 
========================================================================
Received Import Request.
  Time since last request: 0.000508 seconds.
  path: Assets/FastMesh/Materials/Full_Green.mat
  artifactKey: Guid(0041ffc4fb94be94d9ba04007a6ec6ae) Importer(815301076,1909f56bfc062723c751e8b465ee728b)
Start importing Assets/FastMesh/Materials/Full_Green.mat using Guid(0041ffc4fb94be94d9ba04007a6ec6ae) Importer(815301076,1909f56bfc062723c751e8b465ee728b)  -> (artifact id: '1f1aeedc7f3d351b8df970c580dddde9') in 0.015165 seconds 
========================================================================
Received Import Request.
  Time since last request: 0.000650 seconds.
  path: Assets/FastMesh/Materials/Orange.mat
  artifactKey: Guid(d239c9c3cf3cf6f4ea1ab54cf09bf36f) Importer(815301076,1909f56bfc062723c751e8b465ee728b)
Start importing Assets/FastMesh/Materials/Orange.mat using Guid(d239c9c3cf3cf6f4ea1ab54cf09bf36f) Importer(815301076,1909f56bfc062723c751e8b465ee728b)  -> (artifact id: '4bf0fa8917e4366523fff5ba922f48fa') in 0.014666 seconds 
========================================================================
Received Import Request.
  Time since last request: 0.000556 seconds.
  path: Assets/FastMesh/Materials/Red 1.mat
  artifactKey: Guid(750a2b6dee8857c41b8a1d5b4dc76739) Importer(815301076,1909f56bfc062723c751e8b465ee728b)
Start importing Assets/FastMesh/Materials/Red 1.mat using Guid(750a2b6dee8857c41b8a1d5b4dc76739) Importer(815301076,1909f56bfc062723c751e8b465ee728b)  -> (artifact id: '11609df9058adff3eb6f443f15fc28e7') in 0.017167 seconds 
========================================================================
Received Import Request.
  Time since last request: 0.000477 seconds.
  path: Assets/FastMesh/Materials/wood 2.mat
  artifactKey: Guid(7a6ea77746828b94ab099afff5a6965b) Importer(815301076,1909f56bfc062723c751e8b465ee728b)
Start importing Assets/FastMesh/Materials/wood 2.mat using Guid(7a6ea77746828b94ab099afff5a6965b) Importer(815301076,1909f56bfc062723c751e8b465ee728b)  -> (artifact id: '1f3c0cf3584f86547efa08a1059dfad7') in 0.015604 seconds 
========================================================================
Received Import Request.
  Time since last request: 0.000600 seconds.
  path: Assets/FastMesh/Materials/IconRoad 3.mat
  artifactKey: Guid(863471da8c8244341b0bca21f4284991) Importer(815301076,1909f56bfc062723c751e8b465ee728b)
Start importing Assets/FastMesh/Materials/IconRoad 3.mat using Guid(863471da8c8244341b0bca21f4284991) Importer(815301076,1909f56bfc062723c751e8b465ee728b)  -> (artifact id: '7b789bf8d7409911e9e01412b0bc8f98') in 0.016963 seconds 
========================================================================
Received Import Request.
  Time since last request: 0.000435 seconds.
  path: Assets/FastMesh/Materials/Yellow.mat
  artifactKey: Guid(e693240d725361745aa59affa27bf055) Importer(815301076,1909f56bfc062723c751e8b465ee728b)
Start importing Assets/FastMesh/Materials/Yellow.mat using Guid(e693240d725361745aa59affa27bf055) Importer(815301076,1909f56bfc062723c751e8b465ee728b)  -> (artifact id: 'bba4d77478a1580030d9b7832995a61c') in 0.020664 seconds 
========================================================================
Received Import Request.
  Time since last request: 0.000429 seconds.
  path: Assets/FastMesh/Materials/White.mat
  artifactKey: Guid(785b06c86a10fae4abc25a972ee58988) Importer(815301076,1909f56bfc062723c751e8b465ee728b)
Start importing Assets/FastMesh/Materials/White.mat using Guid(785b06c86a10fae4abc25a972ee58988) Importer(815301076,1909f56bfc062723c751e8b465ee728b)  -> (artifact id: '1c1fb51e4e39c5e831b7733548281e44') in 0.017542 seconds 
========================================================================
Received Import Request.
  Time since last request: 0.000447 seconds.
  path: Assets/FastMesh/Materials/Full_Red.mat
  artifactKey: Guid(a722da4df1a732e48939d57a0e63a1a2) Importer(815301076,1909f56bfc062723c751e8b465ee728b)
Start importing Assets/FastMesh/Materials/Full_Red.mat using Guid(a722da4df1a732e48939d57a0e63a1a2) Importer(815301076,1909f56bfc062723c751e8b465ee728b)  -> (artifact id: 'df7822812c4ff17e41b95cfaf888f7ea') in 0.016524 seconds 
========================================================================
Received Import Request.
  Time since last request: 0.000517 seconds.
  path: Assets/FastMesh/Materials/IconRoad 4b.mat
  artifactKey: Guid(bd72573cd3ee55545a3cdfa5a0acf15f) Importer(815301076,1909f56bfc062723c751e8b465ee728b)
Start importing Assets/FastMesh/Materials/IconRoad 4b.mat using Guid(bd72573cd3ee55545a3cdfa5a0acf15f) Importer(815301076,1909f56bfc062723c751e8b465ee728b)  -> (artifact id: '7303f69c856d4c709bedbb171dc31d2c') in 0.014147 seconds 
========================================================================
Received Import Request.
  Time since last request: 0.000569 seconds.
  path: Assets/FastMesh/Materials/Black 2.mat
  artifactKey: Guid(1f2a608d8e9f3024197ed64fc02041f9) Importer(815301076,1909f56bfc062723c751e8b465ee728b)
Start importing Assets/FastMesh/Materials/Black 2.mat using Guid(1f2a608d8e9f3024197ed64fc02041f9) Importer(815301076,1909f56bfc062723c751e8b465ee728b)  -> (artifact id: 'aa474352eb40559daf1bbb63cf72bf63') in 0.015271 seconds 
========================================================================
Received Import Request.
  Time since last request: 0.000474 seconds.
  path: Assets/FastMesh/Materials/Beige.mat
  artifactKey: Guid(6a8833e57fa7f4e4fa60ed388bfb57e6) Importer(815301076,1909f56bfc062723c751e8b465ee728b)
Start importing Assets/FastMesh/Materials/Beige.mat using Guid(6a8833e57fa7f4e4fa60ed388bfb57e6) Importer(815301076,1909f56bfc062723c751e8b465ee728b)  -> (artifact id: '937bc2cbca5db7b230e47443fce9efb2') in 0.015092 seconds 
========================================================================
Received Import Request.
  Time since last request: 0.000486 seconds.
  path: Assets/FastMesh/Materials/IconRoad 5b.mat
  artifactKey: Guid(b16987309a1452e4ab055a5603d761dd) Importer(815301076,1909f56bfc062723c751e8b465ee728b)
Start importing Assets/FastMesh/Materials/IconRoad 5b.mat using Guid(b16987309a1452e4ab055a5603d761dd) Importer(815301076,1909f56bfc062723c751e8b465ee728b)  -> (artifact id: '560ed4f9c3c8dc4e6306ef2cf537fc47') in 0.016103 seconds 
========================================================================
Received Import Request.
  Time since last request: 0.000581 seconds.
  path: Assets/FastMesh/Materials/IconRoad 6b.mat
  artifactKey: Guid(deccdfde3de90fe4eb87be7ee8a76bb7) Importer(815301076,1909f56bfc062723c751e8b465ee728b)
Start importing Assets/FastMesh/Materials/IconRoad 6b.mat using Guid(deccdfde3de90fe4eb87be7ee8a76bb7) Importer(815301076,1909f56bfc062723c751e8b465ee728b)  -> (artifact id: '71b9e38705abf23ea9ab0bb0d9d96b90') in 0.015451 seconds 
========================================================================
Received Import Request.
  Time since last request: 0.000494 seconds.
  path: Assets/FastMesh/Materials/Full_White.mat
  artifactKey: Guid(9baaeb17c4c1fac498e2e0897353314d) Importer(815301076,1909f56bfc062723c751e8b465ee728b)
Start importing Assets/FastMesh/Materials/Full_White.mat using Guid(9baaeb17c4c1fac498e2e0897353314d) Importer(815301076,1909f56bfc062723c751e8b465ee728b)  -> (artifact id: 'a0284704cc938d5e0246dd3ebb8574ef') in 0.013878 seconds 
========================================================================
Received Import Request.
  Time since last request: 0.000532 seconds.
  path: Assets/FastMesh/Materials/Gray 1.mat
  artifactKey: Guid(35842900d93ad544cbd375050176c6a9) Importer(815301076,1909f56bfc062723c751e8b465ee728b)
Start importing Assets/FastMesh/Materials/Gray 1.mat using Guid(35842900d93ad544cbd375050176c6a9) Importer(815301076,1909f56bfc062723c751e8b465ee728b)  -> (artifact id: '8851846e6435cff2f55c6fcf098e9daa') in 0.017557 seconds 
========================================================================
Received Import Request.
  Time since last request: 0.000595 seconds.
  path: Assets/FastMesh/Materials/IconRoad 3b.mat
  artifactKey: Guid(4e764c65163220b42b537dea7d7d9b15) Importer(815301076,1909f56bfc062723c751e8b465ee728b)
Start importing Assets/FastMesh/Materials/IconRoad 3b.mat using Guid(4e764c65163220b42b537dea7d7d9b15) Importer(815301076,1909f56bfc062723c751e8b465ee728b)  -> (artifact id: '736b207dcb46e62bbefc9f3612ae4cee') in 0.045668 seconds 
========================================================================
Received Import Request.
  Time since last request: 0.000671 seconds.
  path: Assets/FastMesh/Materials/IconRoad 5.mat
  artifactKey: Guid(7f942487eb6e6134f939915d17316579) Importer(815301076,1909f56bfc062723c751e8b465ee728b)
Start importing Assets/FastMesh/Materials/IconRoad 5.mat using Guid(7f942487eb6e6134f939915d17316579) Importer(815301076,1909f56bfc062723c751e8b465ee728b)  -> (artifact id: 'f981483b4f1f4dd94ebcec185686bfe0') in 0.016397 seconds 
========================================================================
Received Import Request.
  Time since last request: 3.192083 seconds.
  path: Assets/FastMesh/Meshs
  artifactKey: Guid(e729c09e23076794e864263192ce0b08) Importer(815301076,1909f56bfc062723c751e8b465ee728b)
Start importing Assets/FastMesh/Meshs using Guid(e729c09e23076794e864263192ce0b08) Importer(815301076,1909f56bfc062723c751e8b465ee728b)  -> (artifact id: 'e203cba835c2c025660277cbad757c41') in 0.004028 seconds 
========================================================================
Received Import Request.
  Time since last request: 1.458091 seconds.
  path: Assets/FastMesh/Meshs/Road
  artifactKey: Guid(15e5a8f24275e484bb0fbf1ab8f48d24) Importer(815301076,1909f56bfc062723c751e8b465ee728b)
Start importing Assets/FastMesh/Meshs/Road using Guid(15e5a8f24275e484bb0fbf1ab8f48d24) Importer(815301076,1909f56bfc062723c751e8b465ee728b)  -> (artifact id: '037ea3775cd6cc8229bfb7ec0a9370d2') in 0.005389 seconds 
========================================================================
Received Import Request.
  Time since last request: 0.040212 seconds.
  path: Assets/FastMesh/Meshs/Road/DirectionalSign.fbx
  artifactKey: Guid(8d9323d98463a74448f8ec121d420067) Importer(815301076,1909f56bfc062723c751e8b465ee728b)
Start importing Assets/FastMesh/Meshs/Road/DirectionalSign.fbx using Guid(8d9323d98463a74448f8ec121d420067) Importer(815301076,1909f56bfc062723c751e8b465ee728b)  -> (artifact id: '2652e37e9a23dfae234cdbff9ae3d23e') in 0.117387 seconds 
========================================================================
Received Import Request.
  Time since last request: 0.000602 seconds.
  path: Assets/FastMesh/Meshs/Road/TrafficCones.fbx
  artifactKey: Guid(68b553dab1cbb1f488aaaffc87fe518f) Importer(815301076,1909f56bfc062723c751e8b465ee728b)
Start importing Assets/FastMesh/Meshs/Road/TrafficCones.fbx using Guid(68b553dab1cbb1f488aaaffc87fe518f) Importer(815301076,1909f56bfc062723c751e8b465ee728b)  -> (artifact id: 'bcdbaaf09bb1cdaf7f5ecaf8bd904edb') in 0.063311 seconds 
========================================================================
Received Import Request.
  Time since last request: 0.000521 seconds.
  path: Assets/FastMesh/Meshs/Road/RoadBollard-3.fbx
  artifactKey: Guid(f967f49ebc6f20747a2930796cd68893) Importer(815301076,1909f56bfc062723c751e8b465ee728b)
Start importing Assets/FastMesh/Meshs/Road/RoadBollard-3.fbx using Guid(f967f49ebc6f20747a2930796cd68893) Importer(815301076,1909f56bfc062723c751e8b465ee728b)  -> (artifact id: '3e06733ecb9d2735754e66cee60a507e') in 0.048147 seconds 
========================================================================
Received Import Request.
  Time since last request: 0.000498 seconds.
  path: Assets/FastMesh/Meshs/Road/LampPost-1.fbx
  artifactKey: Guid(8f6113be03f509149b8625498ca7347e) Importer(815301076,1909f56bfc062723c751e8b465ee728b)
Start importing Assets/FastMesh/Meshs/Road/LampPost-1.fbx using Guid(8f6113be03f509149b8625498ca7347e) Importer(815301076,1909f56bfc062723c751e8b465ee728b)  -> (artifact id: '042e58e9bf5383612363d9fb1a2a9d6a') in 0.093130 seconds 
========================================================================
Received Import Request.
  Time since last request: 0.000523 seconds.
  path: Assets/FastMesh/Meshs/Road/StreetSign-1.fbx
  artifactKey: Guid(6ac90a6fd7682764e9c0e8fa5182ad92) Importer(815301076,1909f56bfc062723c751e8b465ee728b)
Start importing Assets/FastMesh/Meshs/Road/StreetSign-1.fbx using Guid(6ac90a6fd7682764e9c0e8fa5182ad92) Importer(815301076,1909f56bfc062723c751e8b465ee728b)  -> (artifact id: 'd7d7af431b110ef1da76b73ca569a2a4') in 0.201133 seconds 
========================================================================
Received Import Request.
  Time since last request: 0.000472 seconds.
  path: Assets/FastMesh/Meshs/Road/LampPost-2.fbx
  artifactKey: Guid(089327f1142fbda48b28980c6bc942c8) Importer(815301076,1909f56bfc062723c751e8b465ee728b)
Start importing Assets/FastMesh/Meshs/Road/LampPost-2.fbx using Guid(089327f1142fbda48b28980c6bc942c8) Importer(815301076,1909f56bfc062723c751e8b465ee728b)  -> (artifact id: 'bcd2928431601795637ed2ced4b65d12') in 0.069873 seconds 
========================================================================
Received Import Request.
  Time since last request: 0.000604 seconds.
  path: Assets/FastMesh/Meshs/Road/TrafficCameras.fbx
  artifactKey: Guid(633bb669b4365eb44bcaf14610196dbc) Importer(815301076,1909f56bfc062723c751e8b465ee728b)
Start importing Assets/FastMesh/Meshs/Road/TrafficCameras.fbx using Guid(633bb669b4365eb44bcaf14610196dbc) Importer(815301076,1909f56bfc062723c751e8b465ee728b)  -> (artifact id: '52f8706c83b9870e3a158a2e637ed278') in 0.065154 seconds 
========================================================================
Received Import Request.
  Time since last request: 0.000587 seconds.
  path: Assets/FastMesh/Meshs/Road/TrafficLight-1.fbx
  artifactKey: Guid(8f2ce55bced91bc419bcfeb9244135fe) Importer(815301076,1909f56bfc062723c751e8b465ee728b)
Start importing Assets/FastMesh/Meshs/Road/TrafficLight-1.fbx using Guid(8f2ce55bced91bc419bcfeb9244135fe) Importer(815301076,1909f56bfc062723c751e8b465ee728b)  -> (artifact id: 'fa6e9c0528d4f05c44031589cfe0369c') in 0.112153 seconds 
========================================================================
Received Import Request.
  Time since last request: 0.000467 seconds.
  path: Assets/FastMesh/Meshs/Road/WarningTriangles.fbx
  artifactKey: Guid(488e419d40f5f5d43a12455a837d2752) Importer(815301076,1909f56bfc062723c751e8b465ee728b)
Start importing Assets/FastMesh/Meshs/Road/WarningTriangles.fbx using Guid(488e419d40f5f5d43a12455a837d2752) Importer(815301076,1909f56bfc062723c751e8b465ee728b)  -> (artifact id: '8060f6a451b97d41404d91fb4eb64687') in 0.050806 seconds 
========================================================================
Received Import Request.
  Time since last request: 0.000434 seconds.
  path: Assets/FastMesh/Meshs/Road/RoadBarrier-2.fbx
  artifactKey: Guid(2a93dd7ed0832904f95ed1fb1150e1b0) Importer(815301076,1909f56bfc062723c751e8b465ee728b)
Start importing Assets/FastMesh/Meshs/Road/RoadBarrier-2.fbx using Guid(2a93dd7ed0832904f95ed1fb1150e1b0) Importer(815301076,1909f56bfc062723c751e8b465ee728b)  -> (artifact id: '1be59bb77032be32ac4aee018159d96f') in 0.022903 seconds 
========================================================================
Received Import Request.
  Time since last request: 0.000707 seconds.
  path: Assets/FastMesh/Meshs/Road/ParkingBollard.fbx
  artifactKey: Guid(21cec24343175944199bd1fa9e52dc73) Importer(815301076,1909f56bfc062723c751e8b465ee728b)
Start importing Assets/FastMesh/Meshs/Road/ParkingBollard.fbx using Guid(21cec24343175944199bd1fa9e52dc73) Importer(815301076,1909f56bfc062723c751e8b465ee728b)  -> (artifact id: 'bd8046580878c43a56c6657652a57124') in 0.053714 seconds 
========================================================================
Received Import Request.
  Time since last request: 0.000574 seconds.
  path: Assets/FastMesh/Meshs/Road/RoadSigns-1.fbx
  artifactKey: Guid(edef85d59256e654a94d0499961194e5) Importer(815301076,1909f56bfc062723c751e8b465ee728b)
Start importing Assets/FastMesh/Meshs/Road/RoadSigns-1.fbx using Guid(edef85d59256e654a94d0499961194e5) Importer(815301076,1909f56bfc062723c751e8b465ee728b)  -> (artifact id: '349b2d62ce461fd73daa3551583f5825') in 0.052473 seconds 
========================================================================
Received Import Request.
  Time since last request: 0.000585 seconds.
  path: Assets/FastMesh/Meshs/Road/RoadBollard-2.fbx
  artifactKey: Guid(6b216aa0891e8d344a3a8c106d3c4094) Importer(815301076,1909f56bfc062723c751e8b465ee728b)
Start importing Assets/FastMesh/Meshs/Road/RoadBollard-2.fbx using Guid(6b216aa0891e8d344a3a8c106d3c4094) Importer(815301076,1909f56bfc062723c751e8b465ee728b)  -> (artifact id: '47b460da672112d4d05a67a018a40d27') in 0.069218 seconds 
========================================================================
Received Import Request.
  Time since last request: 0.000625 seconds.
  path: Assets/FastMesh/Meshs/Road/RoadSigns-2.fbx
  artifactKey: Guid(e26e9568f7406d34b9ba2176f80511df) Importer(815301076,1909f56bfc062723c751e8b465ee728b)
Start importing Assets/FastMesh/Meshs/Road/RoadSigns-2.fbx using Guid(e26e9568f7406d34b9ba2176f80511df) Importer(815301076,1909f56bfc062723c751e8b465ee728b)  -> (artifact id: '99620f61663cea4a9cc5834c2165146d') in 0.056332 seconds 
========================================================================
Received Import Request.
  Time since last request: 0.000659 seconds.
  path: Assets/FastMesh/Meshs/Road/TrashCan.fbx
  artifactKey: Guid(3d838d5619a6248498e63a0578f4faf7) Importer(815301076,1909f56bfc062723c751e8b465ee728b)
Start importing Assets/FastMesh/Meshs/Road/TrashCan.fbx using Guid(3d838d5619a6248498e63a0578f4faf7) Importer(815301076,1909f56bfc062723c751e8b465ee728b)  -> (artifact id: '00271cfe6e4748d74f90575cd11b271d') in 0.067732 seconds 
========================================================================
Received Import Request.
  Time since last request: 0.000528 seconds.
  path: Assets/FastMesh/Meshs/Road/SpeedBump.fbx
  artifactKey: Guid(be9b112dbd8a0d241ac4b804016e1a9a) Importer(815301076,1909f56bfc062723c751e8b465ee728b)
Start importing Assets/FastMesh/Meshs/Road/SpeedBump.fbx using Guid(be9b112dbd8a0d241ac4b804016e1a9a) Importer(815301076,1909f56bfc062723c751e8b465ee728b)  -> (artifact id: '3b8197c79d7093cebc1e22a43078f3ec') in 0.026305 seconds 
========================================================================
Received Import Request.
  Time since last request: 0.000395 seconds.
  path: Assets/FastMesh/Meshs/Road/ManholeCover.fbx
  artifactKey: Guid(257cff852dd65eb48a1d11a7728b1ebc) Importer(815301076,1909f56bfc062723c751e8b465ee728b)
Start importing Assets/FastMesh/Meshs/Road/ManholeCover.fbx using Guid(257cff852dd65eb48a1d11a7728b1ebc) Importer(815301076,1909f56bfc062723c751e8b465ee728b)  -> (artifact id: '25764cb96059004991df499007321b95') in 0.040178 seconds 
========================================================================
Received Import Request.
  Time since last request: 0.000704 seconds.
  path: Assets/FastMesh/Meshs/Road/RoadBarrier-1.fbx
  artifactKey: Guid(0241a729020b77e4484da31c8e56310d) Importer(815301076,1909f56bfc062723c751e8b465ee728b)
Start importing Assets/FastMesh/Meshs/Road/RoadBarrier-1.fbx using Guid(0241a729020b77e4484da31c8e56310d) Importer(815301076,1909f56bfc062723c751e8b465ee728b)  -> (artifact id: 'f4c03488daa7b097ab485aff02afbe3e') in 0.074374 seconds 
========================================================================
Received Import Request.
  Time since last request: 0.000536 seconds.
  path: Assets/FastMesh/Meshs/Road/RoadSigns-3.fbx
  artifactKey: Guid(791e0b28fb5d71c4eba07ceb8967f82d) Importer(815301076,1909f56bfc062723c751e8b465ee728b)
Start importing Assets/FastMesh/Meshs/Road/RoadSigns-3.fbx using Guid(791e0b28fb5d71c4eba07ceb8967f82d) Importer(815301076,1909f56bfc062723c751e8b465ee728b)  -> (artifact id: '45d85db26b730d80119dc64d3aa5320d') in 0.060916 seconds 
========================================================================
Received Import Request.
  Time since last request: 0.000543 seconds.
  path: Assets/FastMesh/Meshs/Road/RoadBollard-1.fbx
  artifactKey: Guid(d90d06a15c2dea54eaa8ecefb5e1c84a) Importer(815301076,1909f56bfc062723c751e8b465ee728b)
Start importing Assets/FastMesh/Meshs/Road/RoadBollard-1.fbx using Guid(d90d06a15c2dea54eaa8ecefb5e1c84a) Importer(815301076,1909f56bfc062723c751e8b465ee728b)  -> (artifact id: '899a8e8759af893b299b126f9fae2891') in 0.054686 seconds 
========================================================================
Received Import Request.
  Time since last request: 147.782780 seconds.
  path: Assets/FastMesh
  artifactKey: Guid(3b6193ec091bcfb44acf9f429ae59d5c) Importer(815301076,1909f56bfc062723c751e8b465ee728b)
Start importing Assets/FastMesh using Guid(3b6193ec091bcfb44acf9f429ae59d5c) Importer(815301076,1909f56bfc062723c751e8b465ee728b)  -> (artifact id: '85a043e575532a952fdf76c973b3c12a') in 0.005798 seconds 
========================================================================
Received Import Request.
  Time since last request: 3.839878 seconds.
  path: Assets/FastMesh/Prefabs
  artifactKey: Guid(4bf13192e974c7b4bb7ec8236a9e117a) Importer(815301076,1909f56bfc062723c751e8b465ee728b)
Start importing Assets/FastMesh/Prefabs using Guid(4bf13192e974c7b4bb7ec8236a9e117a) Importer(815301076,1909f56bfc062723c751e8b465ee728b)  -> (artifact id: '1c74954ab391ce80bfd3f0a6a35bcf8a') in 0.004433 seconds 
========================================================================
Received Import Request.
  Time since last request: 1.569979 seconds.
  path: Assets/FastMesh/Scenes
  artifactKey: Guid(2652ce9cdb3a28048b659df66567c53c) Importer(815301076,1909f56bfc062723c751e8b465ee728b)
Start importing Assets/FastMesh/Scenes using Guid(2652ce9cdb3a28048b659df66567c53c) Importer(815301076,1909f56bfc062723c751e8b465ee728b)  -> (artifact id: 'd5a6d540432e1c7c87bac45e6dead33d') in 0.004361 seconds 
========================================================================
Received Import Request.
  Time since last request: 0.991969 seconds.
  path: Assets/FastMesh/Scenes/Scene Road.unity
  artifactKey: Guid(1c82a8f5d642af641918fbf69b4ee5ee) Importer(815301076,1909f56bfc062723c751e8b465ee728b)
Start importing Assets/FastMesh/Scenes/Scene Road.unity using Guid(1c82a8f5d642af641918fbf69b4ee5ee) Importer(815301076,1909f56bfc062723c751e8b465ee728b)  -> (artifact id: '245ebf8dda504f9abc4835633fa33ba7') in 0.009507 seconds 
========================================================================
Received Import Request.
  Time since last request: 79.761350 seconds.
  path: Assets/RoadRock
  artifactKey: Guid(3b6193ec091bcfb44acf9f429ae59d5c) Importer(815301076,1909f56bfc062723c751e8b465ee728b)
Start importing Assets/RoadRock using Guid(3b6193ec091bcfb44acf9f429ae59d5c) Importer(815301076,1909f56bfc062723c751e8b465ee728b)  -> (artifact id: 'b7e14a51017c1c5e3d2eccf6c3cc3768') in 0.004985 seconds 
========================================================================
Received Prepare
Registering precompiled user dll's ...
Registered in 0.005963 seconds.
Begin MonoManager ReloadAssembly
Native extension for WindowsStandalone target not found
Refreshing native plugins compatible for Editor in 0.71 ms, found 2 plugins.
Preloading 0 native plugins for Editor in 0.00 ms.
Mono: successfully reloaded assembly
- Completed reload, in  1.272 seconds
Domain Reload Profiling:
	ReloadAssembly (1273ms)
		BeginReloadAssembly (175ms)
			ExecutionOrderSort (0ms)
			DisableScriptedObjects (5ms)
			BackupInstance (0ms)
			ReleaseScriptingObjects (0ms)
			CreateAndSetChildDomain (51ms)
		EndReloadAssembly (1003ms)
			LoadAssemblies (147ms)
			RebuildTransferFunctionScriptingTraits (0ms)
			SetupTypeCache (356ms)
			ReleaseScriptCaches (2ms)
			RebuildScriptCaches (41ms)
			SetupLoadedEditorAssemblies (391ms)
				LogAssemblyErrors (0ms)
				InitializePlatformSupportModulesInManaged (8ms)
				SetLoadedEditorAssemblies (1ms)
				RefreshPlugins (1ms)
				BeforeProcessingInitializeOnLoad (127ms)
				ProcessInitializeOnLoadAttributes (231ms)
				ProcessInitializeOnLoadMethodAttributes (12ms)
				AfterProcessingInitializeOnLoad (11ms)
				EditorAssembliesLoaded (0ms)
			ExecutionOrderSort2 (0ms)
			AwakeInstancesAfterBackupRestoration (8ms)
Platform modules already initialized, skipping
Refreshing native plugins compatible for Editor in 0.78 ms, found 2 plugins.
Preloading 0 native plugins for Editor in 0.00 ms.
Unloading 1502 Unused Serialized files (Serialized files now loaded: 0)
System memory in use before: 85.6 MB.
System memory in use after: 85.7 MB.

Unloading 12 unused Assets to reduce memory usage. Loaded Objects now: 2019.
Total: 3.194800 ms (FindLiveObjects: 0.169900 ms CreateObjectMapping: 0.038900 ms MarkObjects: 2.948200 ms  DeleteObjects: 0.036500 ms)

AssetImportParameters requested are different than current active one (requested -> active):
  custom:framework-win-MediaFoundation: 216162199b28c13a410421893ffa2e32 -> 
  custom:video-decoder-ogg-theora: a1e56fd34408186e4bbccfd4996cb3dc -> 
  custom:container-muxer-webm: aa71ff27fc2769a1b78a27578f13a17b -> 
  custom:container-demuxer-webm: 4f35f7cbe854078d1ac9338744f61a02 -> 
  custom:container-demuxer-ogg: 62fdf1f143b41e24485cea50d1cbac27 -> 
  custom:video-encoder-webm-vp8: eb34c28f22e8b96e1ab97ce403110664 -> 
  custom:video-codec-MediaFoundation-h265: 746d11721c4dcdbdad8f713fa42b33f4 -> 
  custom:video-decoder-webm-vp8: 9c59270c3fd7afecdb556c50c9e8de78 -> 
  custom:audio-decoder-ogg-vorbis: bf7c407c2cedff20999df2af8eb42d56 -> 
  custom:audio-encoder-webm-vorbis: bf7c407c2cedff20999df2af8eb42d56 -> 
========================================================================
Received Import Request.
  Time since last request: 7.486726 seconds.
  path: Assets/RoadRock/Prefabs/Road
  artifactKey: Guid(f2738bd59858a8b4ba306712d658c24e) Importer(815301076,1909f56bfc062723c751e8b465ee728b)
Start importing Assets/RoadRock/Prefabs/Road using Guid(f2738bd59858a8b4ba306712d658c24e) Importer(815301076,1909f56bfc062723c751e8b465ee728b)  -> (artifact id: '4f6f71ad8d1a4bdac63b68529a8fa2f3') in 0.008321 seconds 
========================================================================
Received Import Request.
  Time since last request: 0.051577 seconds.
  path: Assets/RoadRock/Prefabs/Road/DirectionalSign.prefab
  artifactKey: Guid(965965124f638dd4dbc21a204a80876a) Importer(815301076,1909f56bfc062723c751e8b465ee728b)
Start importing Assets/RoadRock/Prefabs/Road/DirectionalSign.prefab using Guid(965965124f638dd4dbc21a204a80876a) Importer(815301076,1909f56bfc062723c751e8b465ee728b)  -> (artifact id: '09cce77c32b1d9c60cf7c50e20d1bfe7') in 0.085796 seconds 
========================================================================
Received Import Request.
  Time since last request: 0.000414 seconds.
  path: Assets/RoadRock/Prefabs/Road/RoadSigns-2.prefab
  artifactKey: Guid(3fd738b809e48ae45a577cea6555080e) Importer(815301076,1909f56bfc062723c751e8b465ee728b)
Start importing Assets/RoadRock/Prefabs/Road/RoadSigns-2.prefab using Guid(3fd738b809e48ae45a577cea6555080e) Importer(815301076,1909f56bfc062723c751e8b465ee728b)  -> (artifact id: 'c3c70546e119545ada0a9abaf3bcb44f') in 0.040658 seconds 
========================================================================
Received Import Request.
  Time since last request: 0.000435 seconds.
  path: Assets/RoadRock/Prefabs/Road/TrafficCameras.prefab
  artifactKey: Guid(48e46d420090e594999eb1d49cfe7a41) Importer(815301076,1909f56bfc062723c751e8b465ee728b)
Start importing Assets/RoadRock/Prefabs/Road/TrafficCameras.prefab using Guid(48e46d420090e594999eb1d49cfe7a41) Importer(815301076,1909f56bfc062723c751e8b465ee728b)  -> (artifact id: 'e557a4cc4523bdf35b94419a66fb395a') in 0.018459 seconds 
========================================================================
Received Import Request.
  Time since last request: 0.000542 seconds.
  path: Assets/RoadRock/Prefabs/Road/RoadBollard-3.prefab
  artifactKey: Guid(e3d1d514935b8c44b9d50eb75b1cccd4) Importer(815301076,1909f56bfc062723c751e8b465ee728b)
Start importing Assets/RoadRock/Prefabs/Road/RoadBollard-3.prefab using Guid(e3d1d514935b8c44b9d50eb75b1cccd4) Importer(815301076,1909f56bfc062723c751e8b465ee728b)  -> (artifact id: '61d1d468cb6b2faad7209ac44f7957ca') in 0.014409 seconds 
========================================================================
Received Import Request.
  Time since last request: 0.000498 seconds.
  path: Assets/RoadRock/Prefabs/Road/RoadSigns-1.prefab
  artifactKey: Guid(aa3aa302614b5ef43b6363676a43bee0) Importer(815301076,1909f56bfc062723c751e8b465ee728b)
Start importing Assets/RoadRock/Prefabs/Road/RoadSigns-1.prefab using Guid(aa3aa302614b5ef43b6363676a43bee0) Importer(815301076,1909f56bfc062723c751e8b465ee728b)  -> (artifact id: '474d9f6000c03595813a248c284421cc') in 0.018987 seconds 
========================================================================
Received Import Request.
  Time since last request: 0.000534 seconds.
  path: Assets/RoadRock/Prefabs/Road/StreetSign-1.prefab
  artifactKey: Guid(c8e29b986b943f548bca7e79c17c6446) Importer(815301076,1909f56bfc062723c751e8b465ee728b)
Start importing Assets/RoadRock/Prefabs/Road/StreetSign-1.prefab using Guid(c8e29b986b943f548bca7e79c17c6446) Importer(815301076,1909f56bfc062723c751e8b465ee728b)  -> (artifact id: 'bdd111358bcdf9691ca9f57d8093e2df') in 0.039714 seconds 
========================================================================
Received Import Request.
  Time since last request: 0.000521 seconds.
  path: Assets/RoadRock/Prefabs/Road/RoadSigns-3.prefab
  artifactKey: Guid(dc8bc5fb65821344f912c3efa8f88ef7) Importer(815301076,1909f56bfc062723c751e8b465ee728b)
Start importing Assets/RoadRock/Prefabs/Road/RoadSigns-3.prefab using Guid(dc8bc5fb65821344f912c3efa8f88ef7) Importer(815301076,1909f56bfc062723c751e8b465ee728b)  -> (artifact id: 'dbc76ddd87e93425e4a1f5c9f9cb1261') in 0.017265 seconds 
========================================================================
Received Import Request.
  Time since last request: 0.000877 seconds.
  path: Assets/RoadRock/Prefabs/Road/TrafficLight-1.prefab
  artifactKey: Guid(095d0d7cc0c77704b9c6b439d3826869) Importer(815301076,1909f56bfc062723c751e8b465ee728b)
Start importing Assets/RoadRock/Prefabs/Road/TrafficLight-1.prefab using Guid(095d0d7cc0c77704b9c6b439d3826869) Importer(815301076,1909f56bfc062723c751e8b465ee728b)  -> (artifact id: 'e2024bd9b60646c157820b8b16bf68d1') in 0.017950 seconds 
========================================================================
Received Import Request.
  Time since last request: 0.000713 seconds.
  path: Assets/RoadRock/Prefabs/Road/WarningTriangles.prefab
  artifactKey: Guid(802c0efe3462ff9408f9032b674ae03f) Importer(815301076,1909f56bfc062723c751e8b465ee728b)
Start importing Assets/RoadRock/Prefabs/Road/WarningTriangles.prefab using Guid(802c0efe3462ff9408f9032b674ae03f) Importer(815301076,1909f56bfc062723c751e8b465ee728b)  -> (artifact id: 'ca0dd95eeb0119b282edebe124715acc') in 0.016253 seconds 
========================================================================
Received Import Request.
  Time since last request: 0.000497 seconds.
  path: Assets/RoadRock/Prefabs/Road/RoadBarrier-2.prefab
  artifactKey: Guid(bd54396f614833c4aac609531580219e) Importer(815301076,1909f56bfc062723c751e8b465ee728b)
Start importing Assets/RoadRock/Prefabs/Road/RoadBarrier-2.prefab using Guid(bd54396f614833c4aac609531580219e) Importer(815301076,1909f56bfc062723c751e8b465ee728b)  -> (artifact id: '7bdb03af379bdaf46e9526518ac849d7') in 0.016615 seconds 
========================================================================
Received Import Request.
  Time since last request: 0.000415 seconds.
  path: Assets/RoadRock/Prefabs/Road/ParkingBollard.prefab
  artifactKey: Guid(84062c9556b3cef4f8aa9a210cba155b) Importer(815301076,1909f56bfc062723c751e8b465ee728b)
Start importing Assets/RoadRock/Prefabs/Road/ParkingBollard.prefab using Guid(84062c9556b3cef4f8aa9a210cba155b) Importer(815301076,1909f56bfc062723c751e8b465ee728b)  -> (artifact id: 'a88f32a567d68dcf51a3c56a1e932d05') in 0.017254 seconds 
========================================================================
Received Import Request.
  Time since last request: 0.000447 seconds.
  path: Assets/RoadRock/Prefabs/Road/RoadBarrier-1.prefab
  artifactKey: Guid(d4f40363aa44ea649ac792f348b8c36a) Importer(815301076,1909f56bfc062723c751e8b465ee728b)
Start importing Assets/RoadRock/Prefabs/Road/RoadBarrier-1.prefab using Guid(d4f40363aa44ea649ac792f348b8c36a) Importer(815301076,1909f56bfc062723c751e8b465ee728b)  -> (artifact id: '3cd068c7048b18f256c515e156b3e49c') in 0.021497 seconds 
========================================================================
Received Import Request.
  Time since last request: 0.000482 seconds.
  path: Assets/RoadRock/Prefabs/Road/TrashCan.prefab
  artifactKey: Guid(3028e9edef244d648af9e8e5dc609fbb) Importer(815301076,1909f56bfc062723c751e8b465ee728b)
Start importing Assets/RoadRock/Prefabs/Road/TrashCan.prefab using Guid(3028e9edef244d648af9e8e5dc609fbb) Importer(815301076,1909f56bfc062723c751e8b465ee728b)  -> (artifact id: 'aa533ea9ec88389f12852f9dd96a31b4') in 0.017580 seconds 
========================================================================
Received Import Request.
  Time since last request: 0.000447 seconds.
  path: Assets/RoadRock/Prefabs/Road/LampPost-1.prefab
  artifactKey: Guid(7aa292b1eb7b05d4c8e8565619505582) Importer(815301076,1909f56bfc062723c751e8b465ee728b)
Start importing Assets/RoadRock/Prefabs/Road/LampPost-1.prefab using Guid(7aa292b1eb7b05d4c8e8565619505582) Importer(815301076,1909f56bfc062723c751e8b465ee728b)  -> (artifact id: '66d3d7b867a99b8fbfdb969f17f798c7') in 0.016603 seconds 
========================================================================
Received Import Request.
  Time since last request: 0.000584 seconds.
  path: Assets/RoadRock/Prefabs/Road/SpeedBump.prefab
  artifactKey: Guid(d5d94a87bf91ec842aeb8faa43a7ec9a) Importer(815301076,1909f56bfc062723c751e8b465ee728b)
Start importing Assets/RoadRock/Prefabs/Road/SpeedBump.prefab using Guid(d5d94a87bf91ec842aeb8faa43a7ec9a) Importer(815301076,1909f56bfc062723c751e8b465ee728b)  -> (artifact id: 'e9822036875eacb9b2e989864095b20c') in 0.016344 seconds 
========================================================================
Received Import Request.
  Time since last request: 0.000560 seconds.
  path: Assets/RoadRock/Prefabs/Road/RoadBollard-2.prefab
  artifactKey: Guid(0fcf5ed4320cbf34eb528faecdc7565d) Importer(815301076,1909f56bfc062723c751e8b465ee728b)
Start importing Assets/RoadRock/Prefabs/Road/RoadBollard-2.prefab using Guid(0fcf5ed4320cbf34eb528faecdc7565d) Importer(815301076,1909f56bfc062723c751e8b465ee728b)  -> (artifact id: 'ad5dd7f236227ac5b5ec29dd809097b3') in 0.019538 seconds 
========================================================================
Received Import Request.
  Time since last request: 0.000557 seconds.
  path: Assets/RoadRock/Prefabs/Road/ManholeCover.prefab
  artifactKey: Guid(5477dc01225ea3847957b7de03880b44) Importer(815301076,1909f56bfc062723c751e8b465ee728b)
Start importing Assets/RoadRock/Prefabs/Road/ManholeCover.prefab using Guid(5477dc01225ea3847957b7de03880b44) Importer(815301076,1909f56bfc062723c751e8b465ee728b)  -> (artifact id: 'bdb77723d1664a16595deae0c56e8b67') in 0.015607 seconds 
========================================================================
Received Import Request.
  Time since last request: 0.000544 seconds.
  path: Assets/RoadRock/Prefabs/Road/TrafficCones.prefab
  artifactKey: Guid(3a5df9f18409e7c439c513e6d67a378c) Importer(815301076,1909f56bfc062723c751e8b465ee728b)
Start importing Assets/RoadRock/Prefabs/Road/TrafficCones.prefab using Guid(3a5df9f18409e7c439c513e6d67a378c) Importer(815301076,1909f56bfc062723c751e8b465ee728b)  -> (artifact id: 'cfdd218da56a0b5c575690766459105f') in 0.016645 seconds 
========================================================================
Received Import Request.
  Time since last request: 0.000523 seconds.
  path: Assets/RoadRock/Prefabs/Road/RoadBollard-1.prefab
  artifactKey: Guid(66498b191d3c64e4ea56d4ed50eabbbd) Importer(815301076,1909f56bfc062723c751e8b465ee728b)
Start importing Assets/RoadRock/Prefabs/Road/RoadBollard-1.prefab using Guid(66498b191d3c64e4ea56d4ed50eabbbd) Importer(815301076,1909f56bfc062723c751e8b465ee728b)  -> (artifact id: 'f70f6bfda1a1f5907fbc082a62fd96f4') in 0.017251 seconds 
========================================================================
Received Import Request.
  Time since last request: 0.000443 seconds.
  path: Assets/RoadRock/Prefabs/Road/LampPost-2.prefab
  artifactKey: Guid(e862a2795adc9564f92160c9ccf84f8f) Importer(815301076,1909f56bfc062723c751e8b465ee728b)
Start importing Assets/RoadRock/Prefabs/Road/LampPost-2.prefab using Guid(e862a2795adc9564f92160c9ccf84f8f) Importer(815301076,1909f56bfc062723c751e8b465ee728b)  -> (artifact id: '5142a19077b934792f1115370e92ad82') in 0.017093 seconds 
========================================================================
Received Prepare
Registering precompiled user dll's ...
Registered in 0.003953 seconds.
Begin MonoManager ReloadAssembly
Native extension for WindowsStandalone target not found
Refreshing native plugins compatible for Editor in 0.78 ms, found 2 plugins.
Preloading 0 native plugins for Editor in 0.00 ms.
Mono: successfully reloaded assembly
- Completed reload, in  1.052 seconds
Domain Reload Profiling:
	ReloadAssembly (1053ms)
		BeginReloadAssembly (175ms)
			ExecutionOrderSort (0ms)
			DisableScriptedObjects (5ms)
			BackupInstance (0ms)
			ReleaseScriptingObjects (0ms)
			CreateAndSetChildDomain (45ms)
		EndReloadAssembly (797ms)
			LoadAssemblies (133ms)
			RebuildTransferFunctionScriptingTraits (0ms)
			SetupTypeCache (202ms)
			ReleaseScriptCaches (1ms)
			RebuildScriptCaches (31ms)
			SetupLoadedEditorAssemblies (403ms)
				LogAssemblyErrors (0ms)
				InitializePlatformSupportModulesInManaged (7ms)
				SetLoadedEditorAssemblies (1ms)
				RefreshPlugins (1ms)
				BeforeProcessingInitializeOnLoad (113ms)
				ProcessInitializeOnLoadAttributes (258ms)
				ProcessInitializeOnLoadMethodAttributes (12ms)
				AfterProcessingInitializeOnLoad (11ms)
				EditorAssembliesLoaded (0ms)
			ExecutionOrderSort2 (0ms)
			AwakeInstancesAfterBackupRestoration (10ms)
Platform modules already initialized, skipping
Refreshing native plugins compatible for Editor in 0.77 ms, found 2 plugins.
Preloading 0 native plugins for Editor in 0.00 ms.
Unloading 1502 Unused Serialized files (Serialized files now loaded: 0)
System memory in use before: 85.8 MB.
System memory in use after: 85.9 MB.

Unloading 11 unused Assets to reduce memory usage. Loaded Objects now: 2022.
Total: 3.619300 ms (FindLiveObjects: 0.158900 ms CreateObjectMapping: 0.037900 ms MarkObjects: 3.387200 ms  DeleteObjects: 0.033700 ms)

AssetImportParameters requested are different than current active one (requested -> active):
  custom:framework-win-MediaFoundation: 216162199b28c13a410421893ffa2e32 -> 
  custom:video-decoder-ogg-theora: a1e56fd34408186e4bbccfd4996cb3dc -> 
  custom:container-muxer-webm: aa71ff27fc2769a1b78a27578f13a17b -> 
  custom:container-demuxer-webm: 4f35f7cbe854078d1ac9338744f61a02 -> 
  custom:container-demuxer-ogg: 62fdf1f143b41e24485cea50d1cbac27 -> 
  custom:video-encoder-webm-vp8: eb34c28f22e8b96e1ab97ce403110664 -> 
  custom:video-codec-MediaFoundation-h265: 746d11721c4dcdbdad8f713fa42b33f4 -> 
  custom:video-decoder-webm-vp8: 9c59270c3fd7afecdb556c50c9e8de78 -> 
  custom:audio-decoder-ogg-vorbis: bf7c407c2cedff20999df2af8eb42d56 -> 
  custom:audio-encoder-webm-vorbis: bf7c407c2cedff20999df2af8eb42d56 -> 
========================================================================
Received Prepare
Registering precompiled user dll's ...
Registered in 0.005706 seconds.
Begin MonoManager ReloadAssembly
Native extension for WindowsStandalone target not found
Refreshing native plugins compatible for Editor in 1.47 ms, found 2 plugins.
Preloading 0 native plugins for Editor in 0.00 ms.
Mono: successfully reloaded assembly
- Completed reload, in  2.007 seconds
Domain Reload Profiling:
	ReloadAssembly (2008ms)
		BeginReloadAssembly (229ms)
			ExecutionOrderSort (0ms)
			DisableScriptedObjects (10ms)
			BackupInstance (0ms)
			ReleaseScriptingObjects (0ms)
			CreateAndSetChildDomain (58ms)
		EndReloadAssembly (1645ms)
			LoadAssemblies (213ms)
			RebuildTransferFunctionScriptingTraits (0ms)
			SetupTypeCache (572ms)
			ReleaseScriptCaches (1ms)
			RebuildScriptCaches (79ms)
			SetupLoadedEditorAssemblies (614ms)
				LogAssemblyErrors (0ms)
				InitializePlatformSupportModulesInManaged (10ms)
				SetLoadedEditorAssemblies (1ms)
				RefreshPlugins (2ms)
				BeforeProcessingInitializeOnLoad (196ms)
				ProcessInitializeOnLoadAttributes (368ms)
				ProcessInitializeOnLoadMethodAttributes (19ms)
				AfterProcessingInitializeOnLoad (17ms)
				EditorAssembliesLoaded (1ms)
			ExecutionOrderSort2 (0ms)
			AwakeInstancesAfterBackupRestoration (14ms)
Platform modules already initialized, skipping
Refreshing native plugins compatible for Editor in 1.22 ms, found 2 plugins.
Preloading 0 native plugins for Editor in 0.00 ms.
Unloading 1502 Unused Serialized files (Serialized files now loaded: 0)
System memory in use before: 85.8 MB.
System memory in use after: 85.9 MB.

Unloading 11 unused Assets to reduce memory usage. Loaded Objects now: 2024.
Total: 5.602800 ms (FindLiveObjects: 0.526800 ms CreateObjectMapping: 0.127600 ms MarkObjects: 4.866000 ms  DeleteObjects: 0.079100 ms)

AssetImportParameters requested are different than current active one (requested -> active):
  custom:framework-win-MediaFoundation: 216162199b28c13a410421893ffa2e32 -> 
  custom:video-decoder-ogg-theora: a1e56fd34408186e4bbccfd4996cb3dc -> 
  custom:container-muxer-webm: aa71ff27fc2769a1b78a27578f13a17b -> 
  custom:container-demuxer-webm: 4f35f7cbe854078d1ac9338744f61a02 -> 
  custom:container-demuxer-ogg: 62fdf1f143b41e24485cea50d1cbac27 -> 
  custom:video-encoder-webm-vp8: eb34c28f22e8b96e1ab97ce403110664 -> 
  custom:video-codec-MediaFoundation-h265: 746d11721c4dcdbdad8f713fa42b33f4 -> 
  custom:video-decoder-webm-vp8: 9c59270c3fd7afecdb556c50c9e8de78 -> 
  custom:audio-decoder-ogg-vorbis: bf7c407c2cedff20999df2af8eb42d56 -> 
  custom:audio-encoder-webm-vorbis: bf7c407c2cedff20999df2af8eb42d56 -> 
========================================================================
Received Prepare
Registering precompiled user dll's ...
Registered in 0.005012 seconds.
Begin MonoManager ReloadAssembly
Native extension for WindowsStandalone target not found
Refreshing native plugins compatible for Editor in 0.82 ms, found 2 plugins.
Preloading 0 native plugins for Editor in 0.00 ms.
Mono: successfully reloaded assembly
- Completed reload, in  1.973 seconds
Domain Reload Profiling:
	ReloadAssembly (1974ms)
		BeginReloadAssembly (232ms)
			ExecutionOrderSort (0ms)
			DisableScriptedObjects (11ms)
			BackupInstance (0ms)
			ReleaseScriptingObjects (0ms)
			CreateAndSetChildDomain (68ms)
		EndReloadAssembly (1601ms)
			LoadAssemblies (201ms)
			RebuildTransferFunctionScriptingTraits (0ms)
			SetupTypeCache (569ms)
			ReleaseScriptCaches (2ms)
			RebuildScriptCaches (72ms)
			SetupLoadedEditorAssemblies (610ms)
				LogAssemblyErrors (0ms)
				InitializePlatformSupportModulesInManaged (8ms)
				SetLoadedEditorAssemblies (1ms)
				RefreshPlugins (1ms)
				BeforeProcessingInitializeOnLoad (182ms)
				ProcessInitializeOnLoadAttributes (377ms)
				ProcessInitializeOnLoadMethodAttributes (21ms)
				AfterProcessingInitializeOnLoad (19ms)
				EditorAssembliesLoaded (1ms)
			ExecutionOrderSort2 (0ms)
			AwakeInstancesAfterBackupRestoration (18ms)
Platform modules already initialized, skipping
Refreshing native plugins compatible for Editor in 1.29 ms, found 2 plugins.
Preloading 0 native plugins for Editor in 0.00 ms.
Unloading 1502 Unused Serialized files (Serialized files now loaded: 0)
System memory in use before: 85.8 MB.
System memory in use after: 86.0 MB.

Unloading 11 unused Assets to reduce memory usage. Loaded Objects now: 2026.
Total: 5.443500 ms (FindLiveObjects: 0.527500 ms CreateObjectMapping: 0.062900 ms MarkObjects: 4.799600 ms  DeleteObjects: 0.051100 ms)

AssetImportParameters requested are different than current active one (requested -> active):
  custom:framework-win-MediaFoundation: 216162199b28c13a410421893ffa2e32 -> 
  custom:video-decoder-ogg-theora: a1e56fd34408186e4bbccfd4996cb3dc -> 
  custom:container-muxer-webm: aa71ff27fc2769a1b78a27578f13a17b -> 
  custom:container-demuxer-webm: 4f35f7cbe854078d1ac9338744f61a02 -> 
  custom:container-demuxer-ogg: 62fdf1f143b41e24485cea50d1cbac27 -> 
  custom:video-encoder-webm-vp8: eb34c28f22e8b96e1ab97ce403110664 -> 
  custom:video-codec-MediaFoundation-h265: 746d11721c4dcdbdad8f713fa42b33f4 -> 
  custom:video-decoder-webm-vp8: 9c59270c3fd7afecdb556c50c9e8de78 -> 
  custom:audio-decoder-ogg-vorbis: bf7c407c2cedff20999df2af8eb42d56 -> 
  custom:audio-encoder-webm-vorbis: bf7c407c2cedff20999df2af8eb42d56 -> 
========================================================================
Received Prepare
Registering precompiled user dll's ...
Registered in 0.005641 seconds.
Begin MonoManager ReloadAssembly
Native extension for WindowsStandalone target not found
Refreshing native plugins compatible for Editor in 0.65 ms, found 2 plugins.
Preloading 0 native plugins for Editor in 0.00 ms.
Mono: successfully reloaded assembly
- Completed reload, in  1.804 seconds
Domain Reload Profiling:
	ReloadAssembly (1805ms)
		BeginReloadAssembly (222ms)
			ExecutionOrderSort (0ms)
			DisableScriptedObjects (11ms)
			BackupInstance (0ms)
			ReleaseScriptingObjects (0ms)
			CreateAndSetChildDomain (59ms)
		EndReloadAssembly (1457ms)
			LoadAssemblies (195ms)
			RebuildTransferFunctionScriptingTraits (0ms)
			SetupTypeCache (516ms)
			ReleaseScriptCaches (1ms)
			RebuildScriptCaches (69ms)
			SetupLoadedEditorAssemblies (542ms)
				LogAssemblyErrors (0ms)
				InitializePlatformSupportModulesInManaged (9ms)
				SetLoadedEditorAssemblies (1ms)
				RefreshPlugins (1ms)
				BeforeProcessingInitializeOnLoad (163ms)
				ProcessInitializeOnLoadAttributes (327ms)
				ProcessInitializeOnLoadMethodAttributes (20ms)
				AfterProcessingInitializeOnLoad (21ms)
				EditorAssembliesLoaded (1ms)
			ExecutionOrderSort2 (0ms)
			AwakeInstancesAfterBackupRestoration (13ms)
Platform modules already initialized, skipping
Refreshing native plugins compatible for Editor in 1.15 ms, found 2 plugins.
Preloading 0 native plugins for Editor in 0.00 ms.
Unloading 1502 Unused Serialized files (Serialized files now loaded: 0)
System memory in use before: 85.8 MB.
System memory in use after: 86.0 MB.

Unloading 11 unused Assets to reduce memory usage. Loaded Objects now: 2028.
Total: 5.460300 ms (FindLiveObjects: 0.340100 ms CreateObjectMapping: 0.070900 ms MarkObjects: 5.004400 ms  DeleteObjects: 0.042300 ms)

AssetImportParameters requested are different than current active one (requested -> active):
  custom:framework-win-MediaFoundation: 216162199b28c13a410421893ffa2e32 -> 
  custom:video-decoder-ogg-theora: a1e56fd34408186e4bbccfd4996cb3dc -> 
  custom:container-muxer-webm: aa71ff27fc2769a1b78a27578f13a17b -> 
  custom:container-demuxer-webm: 4f35f7cbe854078d1ac9338744f61a02 -> 
  custom:container-demuxer-ogg: 62fdf1f143b41e24485cea50d1cbac27 -> 
  custom:video-encoder-webm-vp8: eb34c28f22e8b96e1ab97ce403110664 -> 
  custom:video-codec-MediaFoundation-h265: 746d11721c4dcdbdad8f713fa42b33f4 -> 
  custom:video-decoder-webm-vp8: 9c59270c3fd7afecdb556c50c9e8de78 -> 
  custom:audio-decoder-ogg-vorbis: bf7c407c2cedff20999df2af8eb42d56 -> 
  custom:audio-encoder-webm-vorbis: bf7c407c2cedff20999df2af8eb42d56 -> 
========================================================================
Received Prepare
Registering precompiled user dll's ...
Registered in 0.003035 seconds.
Begin MonoManager ReloadAssembly
Native extension for WindowsStandalone target not found
Refreshing native plugins compatible for Editor in 0.70 ms, found 2 plugins.
Preloading 0 native plugins for Editor in 0.00 ms.
Mono: successfully reloaded assembly
- Completed reload, in  1.205 seconds
Domain Reload Profiling:
	ReloadAssembly (1206ms)
		BeginReloadAssembly (160ms)
			ExecutionOrderSort (0ms)
			DisableScriptedObjects (6ms)
			BackupInstance (0ms)
			ReleaseScriptingObjects (0ms)
			CreateAndSetChildDomain (38ms)
		EndReloadAssembly (954ms)
			LoadAssemblies (142ms)
			RebuildTransferFunctionScriptingTraits (0ms)
			SetupTypeCache (325ms)
			ReleaseScriptCaches (1ms)
			RebuildScriptCaches (43ms)
			SetupLoadedEditorAssemblies (372ms)
				LogAssemblyErrors (0ms)
				InitializePlatformSupportModulesInManaged (6ms)
				SetLoadedEditorAssemblies (1ms)
				RefreshPlugins (1ms)
				BeforeProcessingInitializeOnLoad (115ms)
				ProcessInitializeOnLoadAttributes (225ms)
				ProcessInitializeOnLoadMethodAttributes (14ms)
				AfterProcessingInitializeOnLoad (10ms)
				EditorAssembliesLoaded (0ms)
			ExecutionOrderSort2 (0ms)
			AwakeInstancesAfterBackupRestoration (9ms)
Platform modules already initialized, skipping
Refreshing native plugins compatible for Editor in 0.74 ms, found 2 plugins.
Preloading 0 native plugins for Editor in 0.00 ms.
Unloading 1502 Unused Serialized files (Serialized files now loaded: 0)
System memory in use before: 85.9 MB.
System memory in use after: 86.0 MB.

Unloading 11 unused Assets to reduce memory usage. Loaded Objects now: 2030.
Total: 5.295000 ms (FindLiveObjects: 0.324200 ms CreateObjectMapping: 0.064700 ms MarkObjects: 4.869000 ms  DeleteObjects: 0.035000 ms)

AssetImportParameters requested are different than current active one (requested -> active):
  custom:framework-win-MediaFoundation: 216162199b28c13a410421893ffa2e32 -> 
  custom:video-decoder-ogg-theora: a1e56fd34408186e4bbccfd4996cb3dc -> 
  custom:container-muxer-webm: aa71ff27fc2769a1b78a27578f13a17b -> 
  custom:container-demuxer-webm: 4f35f7cbe854078d1ac9338744f61a02 -> 
  custom:container-demuxer-ogg: 62fdf1f143b41e24485cea50d1cbac27 -> 
  custom:video-encoder-webm-vp8: eb34c28f22e8b96e1ab97ce403110664 -> 
  custom:video-codec-MediaFoundation-h265: 746d11721c4dcdbdad8f713fa42b33f4 -> 
  custom:video-decoder-webm-vp8: 9c59270c3fd7afecdb556c50c9e8de78 -> 
  custom:audio-decoder-ogg-vorbis: bf7c407c2cedff20999df2af8eb42d56 -> 
  custom:audio-encoder-webm-vorbis: bf7c407c2cedff20999df2af8eb42d56 -> 
========================================================================
Received Import Request.
  Time since last request: 806.918167 seconds.
  path: Assets/RoadRock/Materials/IconRoad 4.mat
  artifactKey: Guid(6cb244efaeabaee4ab0956e73f961e0f) Importer(815301076,1909f56bfc062723c751e8b465ee728b)
Start importing Assets/RoadRock/Materials/IconRoad 4.mat using Guid(6cb244efaeabaee4ab0956e73f961e0f) Importer(815301076,1909f56bfc062723c751e8b465ee728b)  -> (artifact id: '18b1f46a7bdb5f7c24e2aa6a2ca950ec') in 0.209901 seconds 
========================================================================
Received Import Request.
  Time since last request: 0.000792 seconds.
  path: Assets/RoadRock/Materials/IconRoad 6.mat
  artifactKey: Guid(100327afe3a6c6541a5f249ff5f8877d) Importer(815301076,1909f56bfc062723c751e8b465ee728b)
Start importing Assets/RoadRock/Materials/IconRoad 6.mat using Guid(100327afe3a6c6541a5f249ff5f8877d) Importer(815301076,1909f56bfc062723c751e8b465ee728b)  -> (artifact id: 'eb8dacd7980b160cbb9d75a1cc1a10f4') in 0.036741 seconds 
========================================================================
Received Prepare
Registering precompiled user dll's ...
Registered in 0.003708 seconds.
Begin MonoManager ReloadAssembly
Native extension for WindowsStandalone target not found
Refreshing native plugins compatible for Editor in 0.76 ms, found 2 plugins.
Preloading 0 native plugins for Editor in 0.00 ms.
Mono: successfully reloaded assembly
- Completed reload, in  1.338 seconds
Domain Reload Profiling:
	ReloadAssembly (1339ms)
		BeginReloadAssembly (172ms)
			ExecutionOrderSort (0ms)
			DisableScriptedObjects (7ms)
			BackupInstance (0ms)
			ReleaseScriptingObjects (0ms)
			CreateAndSetChildDomain (51ms)
		EndReloadAssembly (1069ms)
			LoadAssemblies (151ms)
			RebuildTransferFunctionScriptingTraits (0ms)
			SetupTypeCache (354ms)
			ReleaseScriptCaches (1ms)
			RebuildScriptCaches (47ms)
			SetupLoadedEditorAssemblies (406ms)
				LogAssemblyErrors (0ms)
				InitializePlatformSupportModulesInManaged (8ms)
				SetLoadedEditorAssemblies (1ms)
				RefreshPlugins (1ms)
				BeforeProcessingInitializeOnLoad (120ms)
				ProcessInitializeOnLoadAttributes (248ms)
				ProcessInitializeOnLoadMethodAttributes (15ms)
				AfterProcessingInitializeOnLoad (12ms)
				EditorAssembliesLoaded (1ms)
			ExecutionOrderSort2 (0ms)
			AwakeInstancesAfterBackupRestoration (10ms)
Platform modules already initialized, skipping
Refreshing native plugins compatible for Editor in 0.77 ms, found 2 plugins.
Preloading 0 native plugins for Editor in 0.00 ms.
Unloading 1502 Unused Serialized files (Serialized files now loaded: 0)
System memory in use before: 85.9 MB.
System memory in use after: 86.0 MB.

Unloading 11 unused Assets to reduce memory usage. Loaded Objects now: 2033.
Total: 6.325000 ms (FindLiveObjects: 0.342800 ms CreateObjectMapping: 0.053600 ms MarkObjects: 5.892600 ms  DeleteObjects: 0.033800 ms)

AssetImportParameters requested are different than current active one (requested -> active):
  custom:framework-win-MediaFoundation: 216162199b28c13a410421893ffa2e32 -> 
  custom:video-decoder-ogg-theora: a1e56fd34408186e4bbccfd4996cb3dc -> 
  custom:container-muxer-webm: aa71ff27fc2769a1b78a27578f13a17b -> 
  custom:container-demuxer-webm: 4f35f7cbe854078d1ac9338744f61a02 -> 
  custom:container-demuxer-ogg: 62fdf1f143b41e24485cea50d1cbac27 -> 
  custom:video-encoder-webm-vp8: eb34c28f22e8b96e1ab97ce403110664 -> 
  custom:video-codec-MediaFoundation-h265: 746d11721c4dcdbdad8f713fa42b33f4 -> 
  custom:video-decoder-webm-vp8: 9c59270c3fd7afecdb556c50c9e8de78 -> 
  custom:audio-decoder-ogg-vorbis: bf7c407c2cedff20999df2af8eb42d56 -> 
  custom:audio-encoder-webm-vorbis: bf7c407c2cedff20999df2af8eb42d56 -> 
========================================================================
Received Import Request.
  Time since last request: 535.431075 seconds.
  path: Assets/RoadRock/Textures/road-1.png
  artifactKey: Guid(7405a26a45a5a5049999a52d5ed4dc5e) Importer(815301076,1909f56bfc062723c751e8b465ee728b)
Start importing Assets/RoadRock/Textures/road-1.png using Guid(7405a26a45a5a5049999a52d5ed4dc5e) Importer(815301076,1909f56bfc062723c751e8b465ee728b)  -> (artifact id: '970901a160912ab704b5981cdfbb9ed6') in 0.265085 seconds 
========================================================================
Received Import Request.
  Time since last request: 0.001165 seconds.
  path: Assets/RoadRock/Textures/road-11.png
  artifactKey: Guid(1e6a7b6efacb4b544ab60e867c7a57aa) Importer(815301076,1909f56bfc062723c751e8b465ee728b)
Start importing Assets/RoadRock/Textures/road-11.png using Guid(1e6a7b6efacb4b544ab60e867c7a57aa) Importer(815301076,1909f56bfc062723c751e8b465ee728b)  -> (artifact id: '132b6c6a8bf7362acf220bf23e13099f') in 0.019089 seconds 
========================================================================
Received Import Request.
  Time since last request: 0.000574 seconds.
  path: Assets/RoadRock/Textures/road-3.png
  artifactKey: Guid(f93f3e1665495164ab671d3e39b674c0) Importer(815301076,1909f56bfc062723c751e8b465ee728b)
Start importing Assets/RoadRock/Textures/road-3.png using Guid(f93f3e1665495164ab671d3e39b674c0) Importer(815301076,1909f56bfc062723c751e8b465ee728b)  -> (artifact id: 'f4ef65c6926b33701eee05a2bcb51157') in 0.053758 seconds 
========================================================================
Received Import Request.
  Time since last request: 0.000605 seconds.
  path: Assets/RoadRock/Textures/road-9.png
  artifactKey: Guid(bc20e493ebb7b0244bbc3c1c3431d4eb) Importer(815301076,1909f56bfc062723c751e8b465ee728b)
Start importing Assets/RoadRock/Textures/road-9.png using Guid(bc20e493ebb7b0244bbc3c1c3431d4eb) Importer(815301076,1909f56bfc062723c751e8b465ee728b)  -> (artifact id: '72a23cdb83221bb326aacd7da9e9f2b8') in 0.012728 seconds 
========================================================================
Received Import Request.
  Time since last request: 0.000494 seconds.
  path: Assets/RoadRock/Textures/road-4.png
  artifactKey: Guid(a2ac6925ef17a6e4a8d127dd33d84673) Importer(815301076,1909f56bfc062723c751e8b465ee728b)
Start importing Assets/RoadRock/Textures/road-4.png using Guid(a2ac6925ef17a6e4a8d127dd33d84673) Importer(815301076,1909f56bfc062723c751e8b465ee728b)  -> (artifact id: '37c73c43cb7bd5e07c0251d4e514a091') in 0.019291 seconds 
========================================================================
Received Import Request.
  Time since last request: 0.000510 seconds.
  path: Assets/RoadRock/Textures/road-10.png
  artifactKey: Guid(a5fbda7073f30f4429945dbd00a14d6a) Importer(815301076,1909f56bfc062723c751e8b465ee728b)
Start importing Assets/RoadRock/Textures/road-10.png using Guid(a5fbda7073f30f4429945dbd00a14d6a) Importer(815301076,1909f56bfc062723c751e8b465ee728b)  -> (artifact id: '948f7c105e3dd29c64bf052ed74f327c') in 0.025246 seconds 
========================================================================
Received Import Request.
  Time since last request: 0.000454 seconds.
  path: Assets/RoadRock/Textures/road-8.png
  artifactKey: Guid(3669b58668ffb2944b7f0ccd7a49a09f) Importer(815301076,1909f56bfc062723c751e8b465ee728b)
Start importing Assets/RoadRock/Textures/road-8.png using Guid(3669b58668ffb2944b7f0ccd7a49a09f) Importer(815301076,1909f56bfc062723c751e8b465ee728b)  -> (artifact id: '371e0f869372eea9ceafc01a8091fa74') in 0.019722 seconds 
========================================================================
Received Import Request.
  Time since last request: 0.000600 seconds.
  path: Assets/RoadRock/Textures/road-6.png
  artifactKey: Guid(323106fb2f42d3447b3c292c2f7490a6) Importer(815301076,1909f56bfc062723c751e8b465ee728b)
Start importing Assets/RoadRock/Textures/road-6.png using Guid(323106fb2f42d3447b3c292c2f7490a6) Importer(815301076,1909f56bfc062723c751e8b465ee728b)  -> (artifact id: '770e17b26f5f7c45166eb9bcdc2a661f') in 0.025964 seconds 
========================================================================
Received Import Request.
  Time since last request: 0.000720 seconds.
  path: Assets/RoadRock/Textures/road-5.png
  artifactKey: Guid(5bae9b38b55c9b442af620d35ad599ef) Importer(815301076,1909f56bfc062723c751e8b465ee728b)
Start importing Assets/RoadRock/Textures/road-5.png using Guid(5bae9b38b55c9b442af620d35ad599ef) Importer(815301076,1909f56bfc062723c751e8b465ee728b)  -> (artifact id: '4592a42c16889ded3b411d0e169064ce') in 0.031671 seconds 
========================================================================
Received Import Request.
  Time since last request: 0.000475 seconds.
  path: Assets/RoadRock/Textures/road-2.png
  artifactKey: Guid(484e0e3438daadb47b23f7d0e43e71f1) Importer(815301076,1909f56bfc062723c751e8b465ee728b)
Start importing Assets/RoadRock/Textures/road-2.png using Guid(484e0e3438daadb47b23f7d0e43e71f1) Importer(815301076,1909f56bfc062723c751e8b465ee728b)  -> (artifact id: '9f39b1f499a8ee7195c155895719d40f') in 0.021649 seconds 
========================================================================
Received Import Request.
  Time since last request: 0.000460 seconds.
  path: Assets/RoadRock/Textures/road-7.png
  artifactKey: Guid(364bbd449c7e96e44a31b36fb3d961b1) Importer(815301076,1909f56bfc062723c751e8b465ee728b)
Start importing Assets/RoadRock/Textures/road-7.png using Guid(364bbd449c7e96e44a31b36fb3d961b1) Importer(815301076,1909f56bfc062723c751e8b465ee728b)  -> (artifact id: '265693a209e60ff9d810f5813837ee57') in 0.021761 seconds 
========================================================================
Received Prepare
Registering precompiled user dll's ...
Registered in 0.010190 seconds.
Begin MonoManager ReloadAssembly
Native extension for WindowsStandalone target not found
Refreshing native plugins compatible for Editor in 0.49 ms, found 2 plugins.
Preloading 0 native plugins for Editor in 0.00 ms.
Mono: successfully reloaded assembly
- Completed reload, in  1.574 seconds
Domain Reload Profiling:
	ReloadAssembly (1575ms)
		BeginReloadAssembly (263ms)
			ExecutionOrderSort (0ms)
			DisableScriptedObjects (9ms)
			BackupInstance (0ms)
			ReleaseScriptingObjects (0ms)
			CreateAndSetChildDomain (52ms)
		EndReloadAssembly (1207ms)
			LoadAssemblies (253ms)
			RebuildTransferFunctionScriptingTraits (0ms)
			SetupTypeCache (414ms)
			ReleaseScriptCaches (1ms)
			RebuildScriptCaches (62ms)
			SetupLoadedEditorAssemblies (437ms)
				LogAssemblyErrors (0ms)
				InitializePlatformSupportModulesInManaged (9ms)
				SetLoadedEditorAssemblies (1ms)
				RefreshPlugins (1ms)
				BeforeProcessingInitializeOnLoad (139ms)
				ProcessInitializeOnLoadAttributes (259ms)
				ProcessInitializeOnLoadMethodAttributes (16ms)
				AfterProcessingInitializeOnLoad (12ms)
				EditorAssembliesLoaded (1ms)
			ExecutionOrderSort2 (0ms)
			AwakeInstancesAfterBackupRestoration (11ms)
Platform modules already initialized, skipping
Refreshing native plugins compatible for Editor in 0.89 ms, found 2 plugins.
Preloading 0 native plugins for Editor in 0.00 ms.
Unloading 1502 Unused Serialized files (Serialized files now loaded: 0)
System memory in use before: 85.9 MB.
System memory in use after: 86.0 MB.

Unloading 11 unused Assets to reduce memory usage. Loaded Objects now: 2044.
Total: 4.844100 ms (FindLiveObjects: 0.261900 ms CreateObjectMapping: 0.082500 ms MarkObjects: 4.409200 ms  DeleteObjects: 0.088500 ms)

AssetImportParameters requested are different than current active one (requested -> active):
  custom:framework-win-MediaFoundation: 216162199b28c13a410421893ffa2e32 -> 
  custom:video-decoder-ogg-theora: a1e56fd34408186e4bbccfd4996cb3dc -> 
  custom:container-muxer-webm: aa71ff27fc2769a1b78a27578f13a17b -> 
  custom:container-demuxer-webm: 4f35f7cbe854078d1ac9338744f61a02 -> 
  custom:container-demuxer-ogg: 62fdf1f143b41e24485cea50d1cbac27 -> 
  custom:video-encoder-webm-vp8: eb34c28f22e8b96e1ab97ce403110664 -> 
  custom:video-codec-MediaFoundation-h265: 746d11721c4dcdbdad8f713fa42b33f4 -> 
  custom:video-decoder-webm-vp8: 9c59270c3fd7afecdb556c50c9e8de78 -> 
  custom:audio-decoder-ogg-vorbis: bf7c407c2cedff20999df2af8eb42d56 -> 
  custom:audio-encoder-webm-vorbis: bf7c407c2cedff20999df2af8eb42d56 -> 
========================================================================
Received Import Request.
  Time since last request: 66.727131 seconds.
  path: Assets/RoadRock/Textures/road-2.png
  artifactKey: Guid(484e0e3438daadb47b23f7d0e43e71f1) Importer(815301076,1909f56bfc062723c751e8b465ee728b)
Start importing Assets/RoadRock/Textures/road-2.png using Guid(484e0e3438daadb47b23f7d0e43e71f1) Importer(815301076,1909f56bfc062723c751e8b465ee728b)  -> (artifact id: 'aa2017171b61c3129c18885ad3f7db2b') in 0.080043 seconds 
========================================================================
Received Import Request.
  Time since last request: 27.320321 seconds.
  path: Assets/RoadRock/Scripts/SceneViewText.cs
  artifactKey: Guid(9549876df73b7e04bac73492fd5b95c4) Importer(815301076,1909f56bfc062723c751e8b465ee728b)
Start importing Assets/RoadRock/Scripts/SceneViewText.cs using Guid(9549876df73b7e04bac73492fd5b95c4) Importer(815301076,1909f56bfc062723c751e8b465ee728b)  -> (artifact id: '9f5c783dae5cfcfab76b32bae489cb1a') in 0.020666 seconds 
========================================================================
Received Prepare
Registering precompiled user dll's ...
Registered in 0.003214 seconds.
Begin MonoManager ReloadAssembly
Native extension for WindowsStandalone target not found
Refreshing native plugins compatible for Editor in 0.46 ms, found 2 plugins.
Preloading 0 native plugins for Editor in 0.00 ms.
Mono: successfully reloaded assembly
- Completed reload, in  1.534 seconds
Domain Reload Profiling:
	ReloadAssembly (1535ms)
		BeginReloadAssembly (180ms)
			ExecutionOrderSort (0ms)
			DisableScriptedObjects (7ms)
			BackupInstance (0ms)
			ReleaseScriptingObjects (0ms)
			CreateAndSetChildDomain (54ms)
		EndReloadAssembly (1249ms)
			LoadAssemblies (149ms)
			RebuildTransferFunctionScriptingTraits (0ms)
			SetupTypeCache (482ms)
			ReleaseScriptCaches (2ms)
			RebuildScriptCaches (52ms)
			SetupLoadedEditorAssemblies (465ms)
				LogAssemblyErrors (0ms)
				InitializePlatformSupportModulesInManaged (7ms)
				SetLoadedEditorAssemblies (1ms)
				RefreshPlugins (1ms)
				BeforeProcessingInitializeOnLoad (138ms)
				ProcessInitializeOnLoadAttributes (292ms)
				ProcessInitializeOnLoadMethodAttributes (14ms)
				AfterProcessingInitializeOnLoad (12ms)
				EditorAssembliesLoaded (0ms)
			ExecutionOrderSort2 (0ms)
			AwakeInstancesAfterBackupRestoration (10ms)
Platform modules already initialized, skipping
Refreshing native plugins compatible for Editor in 0.81 ms, found 2 plugins.
Preloading 0 native plugins for Editor in 0.00 ms.
Unloading 1502 Unused Serialized files (Serialized files now loaded: 0)
System memory in use before: 85.9 MB.
System memory in use after: 86.0 MB.

Unloading 11 unused Assets to reduce memory usage. Loaded Objects now: 2047.
Total: 4.418200 ms (FindLiveObjects: 0.368100 ms CreateObjectMapping: 0.075600 ms MarkObjects: 3.919800 ms  DeleteObjects: 0.052300 ms)

AssetImportParameters requested are different than current active one (requested -> active):
  custom:framework-win-MediaFoundation: 216162199b28c13a410421893ffa2e32 -> 
  custom:video-decoder-ogg-theora: a1e56fd34408186e4bbccfd4996cb3dc -> 
  custom:container-muxer-webm: aa71ff27fc2769a1b78a27578f13a17b -> 
  custom:container-demuxer-webm: 4f35f7cbe854078d1ac9338744f61a02 -> 
  custom:container-demuxer-ogg: 62fdf1f143b41e24485cea50d1cbac27 -> 
  custom:video-encoder-webm-vp8: eb34c28f22e8b96e1ab97ce403110664 -> 
  custom:video-codec-MediaFoundation-h265: 746d11721c4dcdbdad8f713fa42b33f4 -> 
  custom:video-decoder-webm-vp8: 9c59270c3fd7afecdb556c50c9e8de78 -> 
  custom:audio-decoder-ogg-vorbis: bf7c407c2cedff20999df2af8eb42d56 -> 
  custom:audio-encoder-webm-vorbis: bf7c407c2cedff20999df2af8eb42d56 -> 
========================================================================
Received Prepare
Registering precompiled user dll's ...
Registered in 0.005332 seconds.
Begin MonoManager ReloadAssembly
Native extension for WindowsStandalone target not found
Refreshing native plugins compatible for Editor in 0.58 ms, found 2 plugins.
Preloading 0 native plugins for Editor in 0.00 ms.
Mono: successfully reloaded assembly
- Completed reload, in  1.471 seconds
Domain Reload Profiling:
	ReloadAssembly (1472ms)
		BeginReloadAssembly (179ms)
			ExecutionOrderSort (0ms)
			DisableScriptedObjects (8ms)
			BackupInstance (0ms)
			ReleaseScriptingObjects (0ms)
			CreateAndSetChildDomain (49ms)
		EndReloadAssembly (1176ms)
			LoadAssemblies (158ms)
			RebuildTransferFunctionScriptingTraits (0ms)
			SetupTypeCache (400ms)
			ReleaseScriptCaches (1ms)
			RebuildScriptCaches (53ms)
			SetupLoadedEditorAssemblies (456ms)
				LogAssemblyErrors (0ms)
				InitializePlatformSupportModulesInManaged (8ms)
				SetLoadedEditorAssemblies (1ms)
				RefreshPlugins (1ms)
				BeforeProcessingInitializeOnLoad (137ms)
				ProcessInitializeOnLoadAttributes (280ms)
				ProcessInitializeOnLoadMethodAttributes (14ms)
				AfterProcessingInitializeOnLoad (15ms)
				EditorAssembliesLoaded (1ms)
			ExecutionOrderSort2 (0ms)
			AwakeInstancesAfterBackupRestoration (9ms)
Platform modules already initialized, skipping
Refreshing native plugins compatible for Editor in 1.20 ms, found 2 plugins.
Preloading 0 native plugins for Editor in 0.00 ms.
Unloading 1502 Unused Serialized files (Serialized files now loaded: 0)
System memory in use before: 85.9 MB.
System memory in use after: 86.0 MB.

Unloading 11 unused Assets to reduce memory usage. Loaded Objects now: 2049.
Total: 7.140200 ms (FindLiveObjects: 0.255500 ms CreateObjectMapping: 0.068900 ms MarkObjects: 6.770600 ms  DeleteObjects: 0.043300 ms)

AssetImportParameters requested are different than current active one (requested -> active):
  custom:framework-win-MediaFoundation: 216162199b28c13a410421893ffa2e32 -> 
  custom:video-decoder-ogg-theora: a1e56fd34408186e4bbccfd4996cb3dc -> 
  custom:container-muxer-webm: aa71ff27fc2769a1b78a27578f13a17b -> 
  custom:container-demuxer-webm: 4f35f7cbe854078d1ac9338744f61a02 -> 
  custom:container-demuxer-ogg: 62fdf1f143b41e24485cea50d1cbac27 -> 
  custom:video-encoder-webm-vp8: eb34c28f22e8b96e1ab97ce403110664 -> 
  custom:video-codec-MediaFoundation-h265: 746d11721c4dcdbdad8f713fa42b33f4 -> 
  custom:video-decoder-webm-vp8: 9c59270c3fd7afecdb556c50c9e8de78 -> 
  custom:audio-decoder-ogg-vorbis: bf7c407c2cedff20999df2af8eb42d56 -> 
  custom:audio-encoder-webm-vorbis: bf7c407c2cedff20999df2af8eb42d56 -> 
========================================================================
Received Prepare
Registering precompiled user dll's ...
Registered in 0.010796 seconds.
Begin MonoManager ReloadAssembly
Native extension for WindowsStandalone target not found
Refreshing native plugins compatible for Editor in 0.80 ms, found 2 plugins.
Preloading 0 native plugins for Editor in 0.00 ms.
Mono: successfully reloaded assembly
- Completed reload, in  2.097 seconds
Domain Reload Profiling:
	ReloadAssembly (2098ms)
		BeginReloadAssembly (299ms)
			ExecutionOrderSort (0ms)
			DisableScriptedObjects (10ms)
			BackupInstance (0ms)
			ReleaseScriptingObjects (0ms)
			CreateAndSetChildDomain (77ms)
		EndReloadAssembly (1644ms)
			LoadAssemblies (282ms)
			RebuildTransferFunctionScriptingTraits (0ms)
			SetupTypeCache (619ms)
			ReleaseScriptCaches (1ms)
			RebuildScriptCaches (68ms)
			SetupLoadedEditorAssemblies (586ms)
				LogAssemblyErrors (0ms)
				InitializePlatformSupportModulesInManaged (10ms)
				SetLoadedEditorAssemblies (1ms)
				RefreshPlugins (1ms)
				BeforeProcessingInitializeOnLoad (172ms)
				ProcessInitializeOnLoadAttributes (367ms)
				ProcessInitializeOnLoadMethodAttributes (20ms)
				AfterProcessingInitializeOnLoad (16ms)
				EditorAssembliesLoaded (0ms)
			ExecutionOrderSort2 (0ms)
			AwakeInstancesAfterBackupRestoration (13ms)
Platform modules already initialized, skipping
Refreshing native plugins compatible for Editor in 0.85 ms, found 2 plugins.
Preloading 0 native plugins for Editor in 0.00 ms.
Unloading 1502 Unused Serialized files (Serialized files now loaded: 0)
System memory in use before: 85.9 MB.
System memory in use after: 86.0 MB.

Unloading 11 unused Assets to reduce memory usage. Loaded Objects now: 2051.
Total: 11.384900 ms (FindLiveObjects: 1.211600 ms CreateObjectMapping: 0.198500 ms MarkObjects: 9.824300 ms  DeleteObjects: 0.147800 ms)

AssetImportParameters requested are different than current active one (requested -> active):
  custom:framework-win-MediaFoundation: 216162199b28c13a410421893ffa2e32 -> 
  custom:video-decoder-ogg-theora: a1e56fd34408186e4bbccfd4996cb3dc -> 
  custom:container-muxer-webm: aa71ff27fc2769a1b78a27578f13a17b -> 
  custom:container-demuxer-webm: 4f35f7cbe854078d1ac9338744f61a02 -> 
  custom:container-demuxer-ogg: 62fdf1f143b41e24485cea50d1cbac27 -> 
  custom:video-encoder-webm-vp8: eb34c28f22e8b96e1ab97ce403110664 -> 
  custom:video-codec-MediaFoundation-h265: 746d11721c4dcdbdad8f713fa42b33f4 -> 
  custom:video-decoder-webm-vp8: 9c59270c3fd7afecdb556c50c9e8de78 -> 
  custom:audio-decoder-ogg-vorbis: bf7c407c2cedff20999df2af8eb42d56 -> 
  custom:audio-encoder-webm-vorbis: bf7c407c2cedff20999df2af8eb42d56 -> 
